$IIRMC,235559,A,3739.859,N,12222.812,W,00.0,017,250310,15,E,A*14
$IIVHW,,,271,M,00.0,N,,*60
$IIVLW,00000,N,000.0,N*53
$IIGLL,3739.859,N,12222.812,W,235559,A,A*4F
$IIHDG,271,,,15,E*12
$IIMTW,+15.0,C*3C
$IIMWV,008,R,05.5,N,A*1B
$IIMWV,006,T,05.3,N,A*15
$IIRMC,235600,A,3739.859,N,12222.812,W,00.0,017,250310,15,E,A*1B
$IIVHW,,,271,M,00.0,N,,*60
$IIVLW,00000,N,000.0,N*53
$IIGLL,3739.859,N,12222.812,W,235600,A,A*40
$IIHDG,271,,,15,E*12
$IIMTW,+15.0,C*3C
$IIMWV,006,R,06.0,N,A*13
$IIMWV,008,T,05.5,N,A*1D
$IIRMB,A,0.23,R,,BAYBDG  ,,,,,008.10,001,,V,A*7B
$IIRMC,235601,A,3739.859,N,12222.812,W,00.0,017,250310,15,E,A*1A
$IIVHW,,,271,M,00.0,N,,*60
$IIVLW,00000,N,000.0,N*53
$IIGLL,3739.858,N,12222.812,W,235603,A,A*42
$IIHDG,271,,,15,E*12
$IIMTW,+15.0,C*3C
$IIMWV,008,R,05.9,N,A*17
$IIMWV,007,T,06.1,N,A*15
$IIRMB,A,0.23,R,,BAYBDG  ,,,,,008.10,001,,V,A*7B
$IIRMC,235603,A,3739.858,N,12222.812,W,00.0,017,250310,15,E,A*19
$IIVHW,,,271,M,00.0,N,,*60
$IIVLW,00000,N,000.0,N*53
$IIGLL,3739.857,N,12222.812,W,235604,A,A*4A
$IIHDG,271,,,15,E*12
$IIMTW,+15.0,C*3C
$IIMWV,010,R,05.6,N,A*11
$IIMWV,008,T,05.9,N,A*11
$IIRMC,235604,A,3739.857,N,12222.812,W,00.0,017,250310,15,E,A*11
$IIVHW,,,271,M,00.0,N,,*60
$IIVLW,00000,N,000.0,N*53
$IIGLL,3739.856,N,12222.813,W,235605,A,A*4B
$IIHDG,272,,,15,E*11
$IIMTW,+15.0,C*3C
$IIMWV,009,R,05.6,N,A*19
$IIMWV,010,T,05.6,N,A*17
$IIRMB,A,0.23,R,,BAYBDG  ,,,,,008.10,001,,V,A*7B
$IIRMC,235606,A,3739.856,N,12222.813,W,00.0,017,250310,15,E,A*13
$IIVHW,,,271,M,00.0,N,,*60
$IIVLW,00000,N,000.0,N*53
$IIGLL,3739.856,N,12222.813,W,235606,A,A*48
$IIHDG,271,,,15,E*12
$IIMTW,+15.0,C*3C
$IIMWV,009,R,05.4,N,A*1B
$IIMWV,009,T,05.6,N,A*1F
$IIRMB,A,0.23,R,,BAYBDG  ,,,,,008.10,001,,V,A*7B
$IIRMC,235607,A,3739.856,N,12222.814,W,00.0,017,250310,15,E,A*15
$IIVHW,,,271,M,00.0,N,,*60
$IIVLW,00000,N,000.0,N*53
$IIGLL,3739.856,N,12222.814,W,235607,A,A*4E
$IIHDG,271,,,15,E*12
$IIMTW,+15.0,C*3C
$IIMWV,006,R,05.5,N,A*15
$IIMWV,008,T,05.4,N,A*1C
$IIRMC,235608,A,3739.856,N,12222.814,W,00.0,017,250310,15,E,A*1A
$IIVHW,,,271,M,00.0,N,,*60
$IIVLW,00000,N,000.0,N*53
$IIGLL,3739.856,N,12222.814,W,235608,A,A*41
$IIHDG,271,,,15,E*12
$IIMTW,+15.0,C*3C
$IIMWV,005,R,05.6,N,A*15
$IIMWV,006,T,05.5,N,A*13
$IIRMB,A,0.23,R,,BAYBDG  ,,,,,008.10,001,,V,A*7B
$IIRMC,235609,A,3739.856,N,12222.814,W,00.0,017,250310,15,E,A*1B
$IIVHW,,,271,M,00.0,N,,*60
$IIVLW,00000,N,000.0,N*53
$IIGLL,3739.856,N,12222.814,W,235609,A,A*40
$IIHDG,271,,,15,E*12
$IIMTW,+15.0,C*3C
$IIMWV,005,R,05.8,N,A*1B
$IIMWV,005,T,05.6,N,A*13
$IIRMC,235610,A,3739.856,N,12222.813,W,00.0,017,250310,15,E,A*14
$IIVHW,,,271,M,00.0,N,,*60
$IIVLW,00000,N,000.0,N*53
$IIGLL,3739.856,N,12222.813,W,235610,A,A*4F
$IIHDG,271,,,15,E*12
$IIMTW,+15.0,C*3C
$IIMWV,002,R,06.2,N,A*15
$IIMWV,005,T,05.8,N,A*1D
$IIRMB,A,0.23,R,,BAYBDG  ,,,,,008.10,001,,V,A*7B
$IIRMC,235611,A,3739.856,N,12222.813,W,00.0,017,250310,15,E,A*15
$IIVHW,,,271,M,00.0,N,,*60
$IIVLW,00000,N,000.0,N*53
$IIGLL,3739.856,N,12222.813,W,235612,A,A*4D
$IIHDG,271,,,15,E*12
$IIMTW,+15.0,C*3C
$IIMWV,002,R,06.4,N,A*13
$IIMWV,002,T,06.2,N,A*13
$IIRMC,235612,A,3739.856,N,12222.813,W,00.0,017,250310,15,E,A*16
$IIVHW,,,271,M,00.0,N,,*60
$IIVLW,00000,N,000.0,N*53
$IIGLL,3739.857,N,12222.813,W,235613,A,A*4D
$IIHDG,271,,,15,E*12
$IIMTW,+15.0,C*3C
$IIMWV,001,R,06.5,N,A*11
$IIMWV,002,T,06.4,N,A*15
$IIRMB,A,0.23,R,,BAYBDG  ,,,,,008.10,001,,V,A*7B
$IIRMC,235613,A,3739.857,N,12222.813,W,00.0,017,250310,15,E,A*16
$IIVHW,,,271,M,00.0,N,,*60
$IIVLW,00000,N,000.0,N*53
$IIGLL,3739.857,N,12222.813,W,235614,A,A*4A
$IIHDG,271,,,15,E*12
$IIMTW,+15.0,C*3C
$IIMWV,000,R,06.7,N,A*12
$IIMWV,001,T,06.5,N,A*17
$IIRMC,235614,A,3739.857,N,12222.813,W,00.0,017,250310,15,E,A*11
$IIVHW,,,271,M,00.0,N,,*60
$IIVLW,00000,N,000.0,N*53
$IIGLL,3739.857,N,12222.812,W,235615,A,A*4A
$IIHDG,271,,,15,E*12
$IIMTW,+15.0,C*3C
$IIMWV,001,R,07.1,N,A*14
$IIMWV,000,T,06.7,N,A*14
$IIRMB,A,0.23,R,,BAYBDG  ,,,,,008.10,001,,V,A*7B
$IIRMC,235616,A,3739.857,N,12222.812,W,00.0,017,250310,15,E,A*12
$IIVHW,,,271,M,00.0,N,,*60
$IIVLW,00000,N,000.0,N*53
$IIGLL,3739.857,N,12222.812,W,235616,A,A*49
$IIHDG,271,,,15,E*12
$IIMTW,+15.0,C*3C
$IIMWV,003,R,07.2,N,A*15
$IIMWV,001,T,07.1,N,A*12
$IIRMB,A,0.23,R,,BAYBDG  ,,,,,008.10,001,,V,A*7B
$IIRMC,235617,A,3739.857,N,12222.812,W,00.0,017,250310,15,E,A*13
$IIVHW,,,271,M,00.0,N,,*60
$IIVLW,00000,N,000.0,N*53
$IIGLL,3739.857,N,12222.812,W,235617,A,A*48
$IIHDG,271,,,15,E*12
$IIMTW,+15.0,C*3C
$IIMWV,003,R,07.4,N,A*13
$IIMWV,003,T,07.4,N,A*15
$IIRMC,235618,A,3739.857,N,12222.812,W,00.0,017,250310,15,E,A*1C
$IIVHW,,,271,M,00.0,N,,*60
$IIVLW,00000,N,000.0,N*53
$IIGLL,3739.857,N,12222.812,W,235618,A,A*47
$IIHDG,271,,,15,E*12
$IIMTW,+15.0,C*3C
$IIMWV,002,R,07.3,N,A*15
$IIMWV,003,T,07.4,N,A*15
$IIRMB,A,0.23,R,,BAYBDG  ,,,,,008.10,001,,V,A*7B
$IIRMC,235619,A,3739.857,N,12222.811,W,00.0,017,250310,15,E,A*1E
$IIVHW,,,271,M,00.0,N,,*60
$IIVLW,00000,N,000.0,N*53
$IIGLL,3739.857,N,12222.811,W,235619,A,A*45
$IIHDG,271,,,15,E*12
$IIMTW,+15.0,C*3C
$IIMWV,003,R,07.1,N,A*16
$IIMWV,002,T,07.3,N,A*13
$IIRMC,235620,A,3739.857,N,12222.811,W,00.0,017,250310,15,E,A*14
$IIVHW,,,271,M,00.0,N,,*60
$IIVLW,00000,N,000.0,N*53
$IIGLL,3739.857,N,12222.811,W,235620,A,A*4F
$IIHDG,271,,,15,E*12
$IIMTW,+15.0,C*3C
$IIMWV,003,R,06.9,N,A*1F
$IIMWV,003,T,07.1,N,A*10
$IIRMB,A,0.23,R,,BAYBDG  ,,,,,008.10,001,,V,A*7B
$IIRMC,235621,A,3739.857,N,12222.811,W,00.0,017,250310,15,E,A*15
$IIVHW,,,271,M,00.0,N,,*60
$IIVLW,00000,N,000.0,N*53
$IIGLL,3739.857,N,12222.811,W,235622,A,A*4D
$IIHDG,271,,,15,E*12
$IIMTW,+15.0,C*3C
$IIMWV,002,R,06.7,N,A*10
$IIMWV,003,T,06.9,N,A*19
$IIRMC,235622,A,3739.857,N,12222.811,W,00.0,017,250310,15,E,A*16
$IIVHW,,,271,M,00.0,N,,*60
$IIVLW,00000,N,000.0,N*53
$IIGLL,3739.858,N,12222.810,W,235624,A,A*45
$IIHDG,271,,,15,E*12
$IIMTW,+15.0,C*3C
$IIMWV,356,R,06.5,N,A*10
$IIMWV,002,T,06.6,N,A*17
$IIRMB,A,0.23,R,,BAYBDG  ,,,,,008.10,001,,V,A*7B
$IIRMC,235624,A,3739.858,N,12222.810,W,00.0,017,250310,15,E,A*1E
$IIVHW,,,271,M,00.0,N,,*60
$IIVLW,00000,N,000.0,N*53
$IIGLL,3739.858,N,12222.810,W,235625,A,A*44
$IIHDG,271,,,15,E*12
$IIMTW,+15.0,C*3C
$IIMWV,357,R,06.4,N,A*10
$IIMWV,356,T,06.5,N,A*16
$IIRMB,A,0.23,R,,BAYBDG  ,,,,,008.10,001,,V,A*7B
$IIRMC,235626,A,3739.858,N,12222.810,W,00.0,017,250310,15,E,A*1C
$IIVHW,,,271,M,00.0,N,,*60
$IIVLW,00000,N,000.0,N*53
$IIGLL,3739.858,N,12222.810,W,235626,A,A*47
$IIHDG,271,,,15,E*12
$IIMTW,+15.0,C*3C
$IIMWV,357,R,06.5,N,A*11
$IIMWV,357,T,06.4,N,A*16
$IIRMB,A,0.23,R,,BAYBDG  ,,,,,008.10,001,,V,A*7B
$IIRMC,235627,A,3739.858,N,12222.810,W,00.0,017,250310,15,E,A*1D
$IIVHW,,,271,M,00.0,N,,*60
$IIVLW,00000,N,000.0,N*53
$IIGLL,3739.858,N,12222.810,W,235627,A,A*46
$IIHDG,271,,,15,E*12
$IIMTW,+15.0,C*3C
$IIMWV,000,R,06.1,N,A*14
$IIMWV,000,T,06.5,N,A*16
$IIRMC,235628,A,3739.858,N,12222.810,W,00.0,017,250310,15,E,A*12
$IIVHW,,,271,M,00.0,N,,*60
$IIVLW,00000,N,000.0,N*53
$IIGLL,3739.858,N,12222.810,W,235628,A,A*49
$IIHDG,271,,,15,E*12
$IIMTW,+15.0,C*3C
$IIMWV,000,R,05.8,N,A*1E
$IIMWV,000,T,06.1,N,A*12
$IIRMB,A,0.23,R,,BAYBDG  ,,,,,008.10,001,,V,A*7B
$IIRMC,235629,A,3739.858,N,12222.810,W,00.0,017,250310,15,E,A*13
$IIVHW,,,271,M,00.0,N,,*60
$IIVLW,00000,N,000.0,N*53
$IIGLL,3739.858,N,12222.810,W,235629,A,A*48
$IIHDG,271,,,15,E*12
$IIMTW,+15.0,C*3C
$IIMWV,356,R,05.1,N,A*17
$IIMWV,000,T,05.8,N,A*18
$IIRMC,235630,A,3739.859,N,12222.811,W,00.0,017,250310,15,E,A*1B
$IIVHW,,,271,M,00.0,N,,*60
$IIVLW,00000,N,000.0,N*53
$IIGLL,3739.859,N,12222.811,W,235630,A,A*40
$IIHDG,271,,,15,E*12
$IIMTW,+15.0,C*3C
$IIMWV,354,R,04.4,N,A*11
$IIMWV,356,T,05.1,N,A*11
$IIRMB,A,0.23,R,,BAYBDG  ,,,,,008.10,001,,V,A*7B
$IIRMC,235631,A,3739.859,N,12222.811,W,00.0,017,250310,15,E,A*1A
$IIVHW,,,271,M,00.0,N,,*60
$IIVLW,00000,N,000.0,N*53
$IIGLL,3739.859,N,12222.811,W,235632,A,A*42
$IIHDG,271,,,15,E*12
$IIMTW,+15.0,C*3C
$IIMWV,357,R,03.9,N,A*18
$IIMWV,354,T,04.4,N,A*17
$IIRMC,235632,A,3739.859,N,12222.811,W,00.0,017,250310,15,E,A*19
$IIVHW,,,271,M,00.0,N,,*60
$IIVLW,00000,N,000.0,N*53
$IIGLL,3739.860,N,12222.811,W,235633,A,A*49
$IIHDG,271,,,15,E*12
$IIMTW,+15.0,C*3C
$IIMWV,356,R,03.8,N,A*18
$IIMWV,357,T,03.9,N,A*1E
$IIRMB,A,0.23,R,,BAYBDG  ,,,,,008.10,001,,V,A*7B
$IIRMC,235633,A,3739.860,N,12222.811,W,00.0,017,250310,15,E,A*12
$IIVHW,,,271,M,00.0,N,,*60
$IIVLW,00000,N,000.0,N*53
$IIGLL,3739.860,N,12222.812,W,235634,A,A*4D
$IIHDG,271,,,15,E*12
$IIMTW,+15.0,C*3C
$IIMWV,357,R,03.7,N,A*16
$IIMWV,356,T,03.8,N,A*1E
$IIRMC,235634,A,3739.860,N,12222.812,W,00.0,017,250310,15,E,A*16
$IIVHW,,,271,M,00.0,N,,*60
$IIVLW,00000,N,000.0,N*53
$IIGLL,3739.860,N,12222.812,W,235635,A,A*4C
$IIHDG,271,,,15,E*12
$IIMTW,+15.0,C*3C
$IIMWV,357,R,03.4,N,A*15
$IIMWV,357,T,03.7,N,A*10
$IIRMB,A,0.23,R,,BAYBDG  ,,,,,008.10,001,,V,A*7B
$IIRMC,235636,A,3739.860,N,12222.812,W,00.0,017,250310,15,E,A*14
$IIVHW,,,271,M,00.0,N,,*60
$IIVLW,00000,N,000.0,N*53
$IIGLL,3739.860,N,12222.812,W,235636,A,A*4F
$IIHDG,271,,,15,E*12
$IIMTW,+15.0,C*3C
$IIMWV,356,R,03.4,N,A*14
$IIMWV,357,T,03.4,N,A*13
$IIRMB,A,0.23,R,,BAYBDG  ,,,,,008.10,001,,V,A*7B
$IIRMC,235637,A,3739.860,N,12222.812,W,00.0,017,250310,15,E,A*15
$IIVHW,,,271,M,00.0,N,,*60
$IIVLW,00000,N,000.0,N*53
$IIGLL,3739.860,N,12222.812,W,235637,A,A*4E
$IIHDG,271,,,15,E*12
$IIMTW,+15.0,C*3C
$IIMWV,000,R,03.4,N,A*14
$IIMWV,358,T,03.4,N,A*1C
$IIRMC,235638,A,3739.859,N,12222.813,W,00.0,017,250310,15,E,A*11
$IIVHW,,,271,M,00.0,N,,*60
$IIVLW,00000,N,000.0,N*53
$IIGLL,3739.859,N,12222.813,W,235638,A,A*4A
$IIHDG,271,,,15,E*12
$IIMTW,+15.0,C*3C
$IIMWV,353,R,03.1,N,A*14
$IIMWV,000,T,03.4,N,A*12
$IIRMB,A,0.23,R,,BAYBDG  ,,,,,008.10,001,,V,A*7B
$IIRMC,235639,A,3739.859,N,12222.813,W,00.0,017,250310,15,E,A*10
$IIVHW,,,271,M,00.0,N,,*60
$IIVLW,00000,N,000.0,N*53
$IIGLL,3739.859,N,12222.813,W,235639,A,A*4B
$IIHDG,271,,,15,E*12
$IIMTW,+15.0,C*3C
$IIMWV,350,R,03.0,N,A*16
$IIMWV,353,T,03.1,N,A*12
$IIRMC,235640,A,3739.858,N,12222.812,W,00.0,017,250310,15,E,A*1E
$IIVHW,,,271,M,00.0,N,,*60
$IIVLW,00000,N,000.0,N*53
$IIGLL,3739.858,N,12222.812,W,235640,A,A*45
$IIHDG,271,,,15,E*12
$IIMTW,+15.0,C*3C
$IIMWV,357,R,02.9,N,A*19
$IIMWV,350,T,03.0,N,A*10
$IIRMB,A,0.23,R,,BAYBDG  ,,,,,008.10,001,,V,A*7B
$IIRMC,235641,A,3739.858,N,12222.812,W,00.0,017,250310,15,E,A*1F
$IIVHW,,,271,M,00.0,N,,*60
$IIVLW,00000,N,000.0,N*53
$IIGLL,3739.858,N,12222.812,W,235642,A,A*47
$IIHDG,271,,,15,E*12
$IIMTW,+15.0,C*3C
$IIMWV,359,R,02.7,N,A*19
$IIMWV,357,T,02.9,N,A*1F
$IIRMC,235642,A,3739.858,N,12222.812,W,00.0,017,250310,15,E,A*1C
$IIVHW,,,271,M,00.0,N,,*60
$IIVLW,00000,N,000.0,N*53
$IIGLL,3739.858,N,12222.812,W,235643,A,A*46
$IIHDG,271,,,15,E*12
$IIMTW,+15.0,C*3C
$IIMWV,001,R,02.8,N,A*18
$IIMWV,359,T,02.7,N,A*1F
$IIRMB,A,0.23,R,,BAYBDG  ,,,,,008.10,001,,V,A*7B
$IIRMC,235643,A,3739.858,N,12222.812,W,00.0,017,250310,15,E,A*1D
$IIVHW,,,271,M,00.0,N,,*60
$IIVLW,00000,N,000.0,N*53
$IIGLL,3739.858,N,12222.812,W,235644,A,A*41
$IIHDG,271,,,15,E*12
$IIMTW,+15.0,C*3C
$IIMWV,003,R,02.9,N,A*1B
$IIMWV,001,T,02.8,N,A*1E
$IIRMC,235644,A,3739.858,N,12222.812,W,00.0,017,250310,15,E,A*1A
$IIVHW,,,271,M,00.0,N,,*60
$IIVLW,00000,N,000.0,N*53
$IIGLL,3739.858,N,12222.812,W,235645,A,A*40
$IIHDG,271,,,15,E*12
$IIMTW,+15.0,C*3C
$IIMWV,002,R,03.3,N,A*11
$IIMWV,003,T,02.9,N,A*1D
$IIRMB,A,0.23,R,,BAYBDG  ,,,,,008.10,001,,V,A*7B
$IIRMC,235646,A,3739.858,N,12222.811,W,00.0,017,250310,15,E,A*1B
$IIVHW,,,271,M,00.0,N,,*60
$IIVLW,00000,N,000.0,N*53
$IIGLL,3739.858,N,12222.811,W,235646,A,A*40
$IIHDG,271,,,15,E*12
$IIMTW,+15.0,C*3C
$IIMWV,001,R,03.8,N,A*19
$IIMWV,002,T,03.3,N,A*17
$IIRMB,A,0.23,R,,BAYBDG  ,,,,,008.10,001,,V,A*7B
$IIRMC,235647,A,3739.859,N,12222.812,W,00.0,017,250310,15,E,A*18
$IIVHW,,,271,M,00.0,N,,*60
$IIVLW,00000,N,000.0,N*53
$IIGLL,3739.859,N,12222.812,W,235647,A,A*43
$IIHDG,271,,,15,E*12
$IIMTW,+15.0,C*3C
$IIMWV,359,R,04.5,N,A*1D
$IIMWV,002,T,04.2,N,A*11
$IIRMC,235648,A,3739.859,N,12222.813,W,00.0,017,250310,15,E,A*16
$IIVHW,,,271,M,00.0,N,,*60
$IIVLW,00000,N,000.0,N*53
$IIGLL,3739.859,N,12222.813,W,235648,A,A*4D
$IIHDG,271,,,15,E*12
$IIMTW,+15.0,C*3C
$IIMWV,358,R,05.0,N,A*18
$IIMWV,359,T,04.5,N,A*1B
$IIRMB,A,0.23,R,,BAYBDG  ,,,,,008.10,001,,V,A*7B
$IIRMC,235649,A,3739.859,N,12222.813,W,00.0,017,250310,15,E,A*17
$IIVHW,,,272,M,00.0,N,,*63
$IIVLW,00000,N,000.0,N*53
$IIGLL,3739.859,N,12222.813,W,235649,A,A*4C
$IIHDG,271,,,15,E*12
$IIMTW,+15.0,C*3C
$IIMWV,359,R,05.6,N,A*1F
$IIMWV,358,T,05.0,N,A*1E
$IIRMC,235650,A,3739.859,N,12222.812,W,00.0,017,250310,15,E,A*1E
$IIVHW,,,271,M,00.0,N,,*60
$IIVLW,00000,N,000.0,N*53
$IIGLL,3739.859,N,12222.812,W,235650,A,A*45
$IIHDG,271,,,15,E*12
$IIMTW,+15.0,C*3C
$IIMWV,359,R,06.1,N,A*1B
$IIMWV,359,T,05.6,N,A*19
$IIRMB,A,0.23,R,,BAYBDG  ,,,,,008.10,001,,V,A*7B
$IIRMC,235651,A,3739.859,N,12222.812,W,00.0,017,250310,15,E,A*1F
$IIVHW,,,271,M,00.0,N,,*60
$IIVLW,00000,N,000.0,N*53
$IIGLL,3739.859,N,12222.812,W,235652,A,A*47
$IIHDG,271,,,15,E*12
$IIMTW,+15.0,C*3C
$IIMWV,358,R,06.6,N,A*1D
$IIMWV,359,T,06.1,N,A*1D
$IIRMC,235652,A,3739.859,N,12222.812,W,00.0,017,250310,15,E,A*1C
$IIVHW,,,271,M,00.0,N,,*60
$IIVLW,00000,N,000.0,N*53
$IIGLL,3739.859,N,12222.812,W,235653,A,A*46
$IIHDG,271,,,15,E*12
$IIMTW,+15.0,C*3C
$IIMWV,002,R,06.6,N,A*11
$IIMWV,358,T,06.6,N,A*1B
$IIRMB,A,0.23,R,,BAYBDG  ,,,,,008.10,001,,V,A*7B
$IIRMC,235653,A,3739.859,N,12222.812,W,00.0,017,250310,15,E,A*1D
$IIVHW,,,271,M,00.0,N,,*60
$IIVLW,00000,N,000.0,N*53
$IIGLL,3739.859,N,12222.812,W,235654,A,A*41
$IIHDG,271,,,15,E*12
$IIMTW,+15.0,C*3C
$IIMWV,002,R,06.6,N,A*11
$IIMWV,002,T,06.6,N,A*17
$IIRMC,235654,A,3739.859,N,12222.812,W,00.0,017,250310,15,E,A*1A
$IIVHW,,,271,M,00.0,N,,*60
$IIVLW,00000,N,000.0,N*53
$IIGLL,3739.860,N,12222.813,W,235655,A,A*4B
$IIHDG,271,,,15,E*12
$IIMTW,+15.0,C*3C
$IIMWV,000,R,06.6,N,A*13
$IIMWV,002,T,06.6,N,A*17
$IIRMB,A,0.23,R,,BAYBDG  ,,,,,008.10,001,,V,A*7B
$IIRMC,235656,A,3739.861,N,12222.813,W,00.0,017,250310,15,E,A*12
$IIVHW,,,271,M,00.0,N,,*60
$IIVLW,00000,N,000.0,N*53
$IIGLL,3739.861,N,12222.813,W,235656,A,A*49
$IIHDG,271,,,15,E*12
$IIMTW,+15.0,C*3C
$IIMWV,000,R,06.9,N,A*1C
$IIMWV,000,T,06.6,N,A*15
$IIRMB,A,0.23,R,,BAYBDG  ,,,,,008.10,001,,V,A*7B
$IIRMC,235657,A,3739.861,N,12222.813,W,00.0,017,250310,15,E,A*13
$IIVHW,,,271,M,00.0,N,,*60
$IIVLW,00000,N,000.0,N*53
$IIGLL,3739.861,N,12222.813,W,235657,A,A*48
$IIHDG,271,,,15,E*12
$IIMTW,+15.0,C*3C
$IIMWV,004,R,06.6,N,A*17
$IIMWV,001,T,06.8,N,A*1A
$IIRMC,235658,A,3739.860,N,12222.813,W,00.0,017,250310,15,E,A*1D
$IIVHW,,,271,M,00.0,N,,*60
$IIVLW,00000,N,000.0,N*53
$IIGLL,3739.860,N,12222.813,W,235658,A,A*46
$IIHDG,271,,,15,E*12
$IIMTW,+15.0,C*3C
$IIMWV,005,R,06.4,N,A*14
$IIMWV,004,T,06.6,N,A*11
$IIRMB,A,0.23,R,,BAYBDG  ,,,,,008.10,001,,V,A*7B
$IIRMC,235659,A,3739.860,N,12222.813,W,00.0,017,250310,15,E,A*1C
$IIVHW,,,271,M,00.0,N,,*60
$IIVLW,00000,N,000.0,N*53
$IIGLL,3739.860,N,12222.813,W,235659,A,A*47
$IIHDG,271,,,15,E*12
$IIMTW,+15.0,C*3C
$IIMWV,006,R,06.0,N,A*13
$IIMWV,005,T,06.4,N,A*12
$IIRMC,235700,A,3739.859,N,12222.813,W,00.0,017,250310,15,E,A*1B
$IIVHW,,,271,M,00.0,N,,*60
$IIVLW,00000,N,000.0,N*53
$IIGLL,3739.859,N,12222.813,W,235700,A,A*40
$IIHDG,271,,,15,E*12
$IIMTW,+15.0,C*3C
$IIMWV,005,R,05.7,N,A*14
$IIMWV,006,T,06.0,N,A*15
$IIRMB,A,0.23,R,,BAYBDG  ,,,,,008.10,001,,V,A*7B
$IIRMC,235701,A,3739.859,N,12222.813,W,00.0,017,250310,15,E,A*1A
$IIVHW,,,271,M,00.0,N,,*60
$IIVLW,00000,N,000.0,N*53
$IIGLL,3739.859,N,12222.813,W,235702,A,A*42
$IIHDG,271,,,15,E*12
$IIMTW,+15.0,C*3C
$IIMWV,002,R,05.2,N,A*16
$IIMWV,005,T,05.7,N,A*12
$IIRMC,235702,A,3739.859,N,12222.813,W,00.0,017,250310,15,E,A*19
$IIVHW,,,271,M,00.0,N,,*60
$IIVLW,00000,N,000.0,N*53
$IIGLL,3739.859,N,12222.813,W,235703,A,A*43
$IIHDG,271,,,15,E*12
$IIMTW,+15.0,C*3C
$IIMWV,358,R,05.1,N,A*19
$IIMWV,002,T,05.2,N,A*10
$IIRMB,A,0.23,R,,BAYBDG  ,,,,,008.10,001,,V,A*7B
$IIRMC,235703,A,3739.859,N,12222.813,W,00.0,017,250310,15,E,A*18
$IIVHW,,,271,M,00.0,N,,*60
$IIVLW,00000,N,000.0,N*53
$IIGLL,3739.859,N,12222.814,W,235705,A,A*42
$IIHDG,271,,,15,E*12
$IIMTW,+15.0,C*3C
$IIMWV,353,R,04.9,N,A*1B
$IIMWV,354,T,04.9,N,A*1A
$IIRMB,A,0.23,R,,BAYBDG  ,,,,,008.10,001,,V,A*7B
$IIRMC,235706,A,3739.858,N,12222.813,W,00.0,017,250310,15,E,A*1C
$IIVHW,,,271,M,00.0,N,,*60
$IIVLW,00000,N,000.0,N*53
$IIGLL,3739.858,N,12222.813,W,235706,A,A*47
$IIHDG,271,,,15,E*12
$IIMTW,+15.0,C*3C
$IIMWV,353,R,04.8,N,A*1A
$IIMWV,353,T,04.9,N,A*1D
$IIRMB,A,0.23,R,,BAYBDG  ,,,,,008.10,001,,V,A*7B
$IIRMC,235707,A,3739.858,N,12222.812,W,00.0,017,250310,15,E,A*1C
$IIVHW,,,271,M,00.0,N,,*60
$IIVLW,00000,N,000.0,N*53
$IIGLL,3739.858,N,12222.812,W,235707,A,A*47
$IIHDG,271,,,15,E*12
$IIMTW,+15.0,C*3C
$IIMWV,359,R,05.5,N,A*1C
$IIMWV,357,T,05.1,N,A*10
$IIRMC,235708,A,3739.858,N,12222.813,W,00.0,017,250310,15,E,A*12
$IIVHW,,,271,M,00.0,N,,*60
$IIVLW,00000,N,000.0,N*53
$IIGLL,3739.858,N,12222.813,W,235708,A,A*49
$IIHDG,271,,,15,E*12
$IIMTW,+15.0,C*3C
$IIMWV,354,R,05.6,N,A*12
$IIMWV,359,T,05.5,N,A*1A
$IIRMB,A,0.23,R,,BAYBDG  ,,,,,008.10,001,,V,A*7B
$IIRMC,235709,A,3739.859,N,12222.813,W,00.0,017,250310,15,E,A*12
$IIVHW,,,271,M,00.0,N,,*60
$IIVLW,00000,N,000.0,N*53
$IIGLL,3739.859,N,12222.813,W,235709,A,A*49
$IIHDG,271,,,15,E*12
$IIMTW,+15.0,C*3C
$IIMWV,352,R,05.6,N,A*14
$IIMWV,354,T,05.6,N,A*14
$IIRMC,235710,A,3739.858,N,12222.813,W,00.0,017,250310,15,E,A*1B
$IIVHW,,,271,M,00.0,N,,*60
$IIVLW,00000,N,000.0,N*53
$IIGLL,3739.858,N,12222.813,W,235710,A,A*40
$IIHDG,271,,,15,E*12
$IIMTW,+15.0,C*3C
$IIMWV,352,R,05.8,N,A*1A
$IIMWV,352,T,05.6,N,A*12
$IIRMB,A,0.23,R,,BAYBDG  ,,,,,008.10,001,,V,A*7B
$IIRMC,235711,A,3739.859,N,12222.813,W,00.0,017,250310,15,E,A*1B
$IIVHW,,,271,M,00.0,N,,*60
$IIVLW,00000,N,000.0,N*53
$IIGLL,3739.859,N,12222.813,W,235712,A,A*43
$IIHDG,271,,,15,E*12
$IIMTW,+15.0,C*3C
$IIMWV,355,R,06.8,N,A*1E
$IIMWV,352,T,05.8,N,A*1C
$IIRMC,235712,A,3739.859,N,12222.813,W,00.0,017,250310,15,E,A*18
$IIVHW,,,271,M,00.0,N,,*60
$IIVLW,00000,N,000.0,N*53
$IIGLL,3739.857,N,12222.812,W,235713,A,A*4D
$IIHDG,271,,,15,E*12
$IIMTW,+15.0,C*3C
$IIMWV,356,R,08.0,N,A*1B
$IIMWV,355,T,06.8,N,A*18
$IIRMB,A,0.23,R,,BAYBDG  ,,,,,008.10,001,,V,A*7B
$IIRMC,235713,A,3739.857,N,12222.812,W,00.0,017,250310,15,E,A*16
$IIVHW,,,271,M,00.0,N,,*60
$IIVLW,00000,N,000.0,N*53
$IIGLL,3739.857,N,12222.812,W,235714,A,A*4A
$IIHDG,271,,,15,E*12
$IIMTW,+15.0,C*3C
$IIMWV,356,R,08.1,N,A*1A
$IIMWV,356,T,08.0,N,A*1D
$IIRMC,235714,A,3739.857,N,12222.812,W,00.0,017,250310,15,E,A*11
$IIVHW,,,271,M,00.0,N,,*60
$IIVLW,00000,N,000.0,N*53
$IIGLL,3739.857,N,12222.812,W,235716,A,A*48
$IIHDG,271,,,15,E*12
$IIMTW,+15.0,C*3C
$IIMWV,353,R,07.7,N,A*16
$IIMWV,353,T,08.1,N,A*19
$IIRMB,A,0.23,R,,BAYBDG  ,,,,,008.10,001,,V,A*7B
$IIRMC,235717,A,3739.856,N,12222.812,W,00.0,017,250310,15,E,A*13
$IIVHW,,,271,M,00.0,N,,*60
$IIVLW,00000,N,000.0,N*53
$IIGLL,3739.856,N,12222.812,W,235717,A,A*48
$IIHDG,271,,,15,E*12
$IIMTW,+15.0,C*3C
$IIMWV,349,R,07.1,N,A*1B
$IIMWV,353,T,07.7,N,A*10
$IIRMB,A,0.23,R,,BAYBDG  ,,,,,008.10,001,,V,A*7B
$IIRMC,235718,A,3739.856,N,12222.813,W,00.0,017,250310,15,E,A*1D
$IIVHW,,,271,M,00.0,N,,*60
$IIVLW,00000,N,000.0,N*53
$IIGLL,3739.856,N,12222.813,W,235718,A,A*46
$IIHDG,271,,,15,E*12
$IIMTW,+15.0,C*3C
$IIMWV,350,R,06.7,N,A*14
$IIMWV,351,T,06.6,N,A*12
$IIRMB,A,0.23,R,,BAYBDG  ,,,,,008.10,001,,V,A*7B
$IIRMC,235719,A,3739.856,N,12222.813,W,00.0,017,250310,15,E,A*1C
$IIVHW,,,271,M,00.0,N,,*60
$IIVLW,00000,N,000.0,N*53
$IIGLL,3739.856,N,12222.813,W,235719,A,A*47
$IIHDG,271,,,15,E*12
$IIMTW,+15.0,C*3C
$IIMWV,347,R,06.9,N,A*1C
$IIMWV,350,T,06.7,N,A*12
$IIRMC,235720,A,3739.856,N,12222.813,W,00.0,017,250310,15,E,A*16
$IIVHW,,,271,M,00.0,N,,*60
$IIVLW,00000,N,000.0,N*53
$IIGLL,3739.856,N,12222.813,W,235720,A,A*4D
$IIHDG,271,,,15,E*12
$IIMTW,+15.0,C*3C
$IIMWV,345,R,07.7,N,A*11
$IIMWV,347,T,06.9,N,A*1A
$IIRMB,A,0.23,R,,BAYBDG  ,,,,,008.10,001,,V,A*7B
$IIRMC,235721,A,3739.856,N,12222.813,W,00.0,017,250310,15,E,A*17
$IIVHW,,,271,M,00.0,N,,*60
$IIVLW,00000,N,000.0,N*53
$IIGLL,3739.856,N,12222.813,W,235722,A,A*4F
$IIHDG,271,,,15,E*12
$IIMTW,+15.0,C*3C
$IIMWV,341,R,07.5,N,A*17
$IIMWV,345,T,07.7,N,A*17
$IIRMC,235722,A,3739.856,N,12222.813,W,00.0,017,250310,15,E,A*14
$IIVHW,,,271,M,00.0,N,,*60
$IIVLW,00000,N,000.0,N*53
$IIGLL,3739.855,N,12222.813,W,235723,A,A*4D
$IIHDG,271,,,15,E*12
$IIMTW,+15.0,C*3C
$IIMWV,345,R,07.9,N,A*1F
$IIMWV,341,T,07.5,N,A*11
$IIRMB,A,0.23,R,,BAYBDG  ,,,,,008.10,001,,V,A*7B
$IIRMC,235723,A,3739.855,N,12222.813,W,00.0,017,250310,15,E,A*16
$IIVHW,,,271,M,00.0,N,,*60
$IIVLW,00000,N,000.0,N*53
$IIGLL,3739.855,N,12222.813,W,235724,A,A*4A
$IIHDG,271,,,15,E*12
$IIMTW,+15.0,C*3C
$IIMWV,349,R,08.2,N,A*17
$IIMWV,345,T,07.9,N,A*19
$IIRMC,235724,A,3739.855,N,12222.813,W,00.0,017,250310,15,E,A*11
$IIVHW,,,271,M,00.0,N,,*60
$IIVLW,00000,N,000.0,N*53
$IIGLL,3739.855,N,12222.814,W,235725,A,A*4C
$IIHDG,271,,,15,E*12
$IIMTW,+15.0,C*3C
$IIMWV,349,R,08.3,N,A*16
$IIMWV,349,T,08.2,N,A*11
$IIRMB,A,0.23,R,,BAYBDG  ,,,,,008.10,001,,V,A*7B
$IIRMC,235726,A,3739.854,N,12222.813,W,00.0,017,250310,15,E,A*12
$IIVHW,,,271,M,00.0,N,,*60
$IIVLW,00000,N,000.0,N*53
$IIGLL,3739.854,N,12222.813,W,235726,A,A*49
$IIHDG,271,,,15,E*12
$IIMTW,+15.0,C*3C
$IIMWV,349,R,08.0,N,A*15
$IIMWV,349,T,08.3,N,A*10
$IIRMB,A,0.23,R,,BAYBDG  ,,,,,008.10,001,,V,A*7B
$IIRMC,235727,A,3739.854,N,12222.813,W,00.0,017,250310,15,E,A*13
$IIVHW,,,271,M,00.0,N,,*60
$IIVLW,00000,N,000.0,N*53
$IIGLL,3739.854,N,12222.813,W,235727,A,A*48
$IIHDG,271,,,15,E*12
$IIMTW,+15.0,C*3C
$IIMWV,353,R,08.0,N,A*1E
$IIMWV,352,T,08.0,N,A*19
$IIRMC,235728,A,3739.854,N,12222.813,W,00.0,017,250310,15,E,A*1C
$IIVHW,,,271,M,00.0,N,,*60
$IIVLW,00000,N,000.0,N*53
$IIGLL,3739.854,N,12222.813,W,235728,A,A*47
$IIHDG,271,,,15,E*12
$IIMTW,+15.0,C*3C
$IIMWV,353,R,07.9,N,A*18
$IIMWV,353,T,08.0,N,A*18
$IIRMB,A,0.23,R,,BAYBDG  ,,,,,008.10,001,,V,A*7B
$IIRMC,235729,A,3739.854,N,12222.812,W,00.0,017,250310,15,E,A*1C
$IIVHW,,,271,M,00.0,N,,*60
$IIVLW,00000,N,000.0,N*53
$IIGLL,3739.854,N,12222.812,W,235729,A,A*47
$IIHDG,271,,,15,E*12
$IIMTW,+15.0,C*3C
$IIMWV,354,R,08.0,N,A*19
$IIMWV,353,T,07.9,N,A*1E
$IIRMC,235730,A,3739.854,N,12222.812,W,00.0,017,250310,15,E,A*14
$IIVHW,,,271,M,00.0,N,,*60
$IIVLW,00000,N,000.0,N*53
$IIGLL,3739.854,N,12222.812,W,235730,A,A*4F
$IIHDG,271,,,15,E*12
$IIMTW,+15.0,C*3C
$IIMWV,354,R,07.8,N,A*1E
$IIMWV,354,T,08.0,N,A*1F
$IIRMB,A,0.23,R,,BAYBDG  ,,,,,008.10,001,,V,A*7B
$IIRMC,235731,A,3739.854,N,12222.812,W,00.0,017,250310,15,E,A*15
$IIVHW,,,271,M,00.0,N,,*60
$IIVLW,00000,N,000.0,N*53
$IIGLL,3739.854,N,12222.813,W,235732,A,A*4C
$IIHDG,271,,,15,E*12
$IIMTW,+15.0,C*3C
$IIMWV,354,R,07.3,N,A*15
$IIMWV,354,T,07.8,N,A*18
$IIRMC,235732,A,3739.854,N,12222.813,W,00.0,017,250310,15,E,A*17
$IIVHW,,,271,M,00.0,N,,*60
$IIVLW,00000,N,000.0,N*53
$IIGLL,3739.854,N,12222.812,W,235733,A,A*4C
$IIHDG,271,,,15,E*12
$IIMTW,+15.0,C*3C
$IIMWV,356,R,06.8,N,A*1D
$IIMWV,354,T,07.3,N,A*13
$IIRMB,A,0.23,R,,BAYBDG  ,,,,,008.10,001,,V,A*7B
$IIRMC,235733,A,3739.854,N,12222.812,W,00.0,017,250310,15,E,A*17
$IIVHW,,,271,M,00.0,N,,*60
$IIVLW,00000,N,000.0,N*53
$IIGLL,3739.855,N,12222.813,W,235734,A,A*4B
$IIHDG,271,,,15,E*12
$IIMTW,+15.0,C*3C
$IIMWV,357,R,06.5,N,A*11
$IIMWV,356,T,06.8,N,A*1B
$IIRMC,235734,A,3739.855,N,12222.813,W,00.0,017,250310,15,E,A*10
$IIVHW,,,271,M,00.0,N,,*60
$IIVLW,00000,N,000.0,N*53
$IIGLL,3739.855,N,12222.813,W,235735,A,A*4A
$IIHDG,271,,,15,E*12
$IIMTW,+15.0,C*3C
$IIMWV,356,R,06.5,N,A*10
$IIMWV,357,T,06.5,N,A*17
$IIRMB,A,0.23,R,,BAYBDG  ,,,,,008.10,001,,V,A*7B
$IIRMC,235736,A,3739.855,N,12222.812,W,00.0,017,250310,15,E,A*13
$IIVHW,,,271,M,00.0,N,,*60
$IIVLW,00000,N,000.0,N*53
$IIGLL,3739.855,N,12222.812,W,235736,A,A*48
$IIHDG,271,,,15,E*12
$IIMTW,+15.0,C*3C
$IIMWV,355,R,06.4,N,A*12
$IIMWV,356,T,06.5,N,A*16
$IIRMB,A,0.23,R,,BAYBDG  ,,,,,008.10,001,,V,A*7B
$IIRMC,235737,A,3739.855,N,12222.812,W,00.0,017,250310,15,E,A*12
$IIVHW,,,271,M,00.0,N,,*60
$IIVLW,00000,N,000.0,N*53
$IIGLL,3739.855,N,12222.812,W,235737,A,A*49
$IIHDG,271,,,15,E*12
$IIMTW,+15.0,C*3C
$IIMWV,357,R,06.1,N,A*15
$IIMWV,355,T,06.2,N,A*12
$IIRMC,235738,A,3739.855,N,12222.813,W,00.0,017,250310,15,E,A*1C
$IIVHW,,,271,M,00.0,N,,*60
$IIVLW,00000,N,000.0,N*53
$IIGLL,3739.855,N,12222.813,W,235738,A,A*47
$IIHDG,271,,,15,E*12
$IIMTW,+15.0,C*3C
$IIMWV,359,R,05.8,N,A*11
$IIMWV,357,T,06.1,N,A*13
$IIRMB,A,0.23,R,,BAYBDG  ,,,,,008.10,001,,V,A*7B
$IIRMC,235739,A,3739.855,N,12222.813,W,00.0,017,250310,15,E,A*1D
$IIVHW,,,271,M,00.0,N,,*60
$IIVLW,00000,N,000.0,N*53
$IIGLL,3739.855,N,12222.813,W,235739,A,A*46
$IIHDG,271,,,15,E*12
$IIMTW,+15.0,C*3C
$IIMWV,001,R,05.5,N,A*12
$IIMWV,359,T,05.8,N,A*17
$IIRMC,235740,A,3739.855,N,12222.813,W,00.0,017,250310,15,E,A*13
$IIVHW,,,271,M,00.0,N,,*60
$IIVLW,00000,N,000.0,N*53
$IIGLL,3739.855,N,12222.813,W,235740,A,A*48
$IIHDG,271,,,15,E*12
$IIMTW,+15.0,C*3C
$IIMWV,003,R,05.5,N,A*10
$IIMWV,001,T,05.5,N,A*14
$IIRMB,A,0.23,R,,BAYBDG  ,,,,,008.10,001,,V,A*7B
$IIRMC,235741,A,3739.854,N,12222.812,W,00.0,017,250310,15,E,A*12
$IIVHW,,,271,M,00.0,N,,*60
$IIVLW,00000,N,000.0,N*53
$IIGLL,3739.854,N,12222.812,W,235742,A,A*4A
$IIHDG,271,,,15,E*12
$IIMTW,+15.0,C*3C
$IIMWV,004,R,05.3,N,A*11
$IIMWV,003,T,05.5,N,A*16
$IIRMC,235742,A,3739.854,N,12222.812,W,00.0,017,250310,15,E,A*11
$IIVHW,,,271,M,00.0,N,,*60
$IIVLW,00000,N,000.0,N*53
$IIGLL,3739.854,N,12222.812,W,235743,A,A*4B
$IIHDG,271,,,15,E*12
$IIMTW,+15.0,C*3C
$IIMWV,006,R,05.4,N,A*14
$IIMWV,004,T,05.3,N,A*17
$IIRMB,A,0.23,R,,BAYBDG  ,,,,,008.10,001,,V,A*7B
$IIRMC,235743,A,3739.854,N,12222.812,W,00.0,017,250310,15,E,A*10
$IIVHW,,,271,M,00.0,N,,*60
$IIVLW,00000,N,000.0,N*53
$IIGLL,3739.854,N,12222.811,W,235744,A,A*4F
$IIHDG,271,,,15,E*12
$IIMTW,+15.0,C*3C
$IIMWV,005,R,05.4,N,A*17
$IIMWV,006,T,05.4,N,A*12
$IIRMC,235744,A,3739.854,N,12222.811,W,00.0,017,250310,15,E,A*14
$IIVHW,,,271,M,00.0,N,,*60
$IIVLW,00000,N,000.0,N*53
$IIGLL,3739.855,N,12222.811,W,235745,A,A*4F
$IIHDG,271,,,15,E*12
$IIMTW,+15.0,C*3C
$IIMWV,007,R,05.4,N,A*15
$IIMWV,005,T,05.4,N,A*11
$IIRMB,A,0.23,R,,BAYBDG  ,,,,,008.10,001,,V,A*7B
$IIRMC,235746,A,3739.855,N,12222.812,W,00.0,017,250310,15,E,A*14
$IIVHW,,,271,M,00.0,N,,*60
$IIVLW,00000,N,000.0,N*53
$IIGLL,3739.855,N,12222.812,W,235746,A,A*4F
$IIHDG,271,,,15,E*12
$IIMTW,+15.0,C*3C
$IIMWV,006,R,05.4,N,A*14
$IIMWV,007,T,05.4,N,A*13
$IIRMB,A,0.23,R,,BAYBDG  ,,,,,008.10,001,,V,A*7B
$IIRMC,235747,A,3739.855,N,12222.811,W,00.0,017,250310,15,E,A*16
$IIVHW,,,271,M,00.0,N,,*60
$IIVLW,00000,N,000.0,N*53
$IIGLL,3739.855,N,12222.811,W,235747,A,A*4D
$IIHDG,271,,,15,E*12
$IIMTW,+15.0,C*3C
$IIMWV,003,R,05.6,N,A*13
$IIMWV,004,T,05.5,N,A*11
$IIRMC,235748,A,3739.855,N,12222.811,W,00.0,017,250310,15,E,A*19
$IIVHW,,,271,M,00.0,N,,*60
$IIVLW,00000,N,000.0,N*53
$IIGLL,3739.855,N,12222.811,W,235748,A,A*42
$IIHDG,271,,,15,E*12
$IIMTW,+15.0,C*3C
$IIMWV,000,R,05.6,N,A*10
$IIMWV,003,T,05.6,N,A*15
$IIRMB,A,0.23,R,,BAYBDG  ,,,,,008.10,001,,V,A*7B
$IIRMC,235749,A,3739.855,N,12222.811,W,00.0,017,250310,15,E,A*18
$IIVHW,,,271,M,00.0,N,,*60
$IIVLW,00000,N,000.0,N*53
$IIGLL,3739.855,N,12222.811,W,235749,A,A*43
$IIHDG,271,,,15,E*12
$IIMTW,+15.0,C*3C
$IIMWV,001,R,05.4,N,A*13
$IIMWV,000,T,05.6,N,A*16
$IIRMC,235750,A,3739.855,N,12222.811,W,00.0,017,250310,15,E,A*10
$IIVHW,,,271,M,00.0,N,,*60
$IIVLW,00000,N,000.0,N*53
$IIGLL,3739.855,N,12222.811,W,235750,A,A*4B
$IIHDG,271,,,15,E*12
$IIMTW,+15.0,C*3C
$IIMWV,357,R,05.4,N,A*13
$IIMWV,001,T,05.4,N,A*15
$IIRMB,A,0.23,R,,BAYBDG  ,,,,,008.10,001,,V,A*7B
$IIRMC,235751,A,3739.855,N,12222.811,W,00.0,017,250310,15,E,A*11
$IIVHW,,,271,M,00.0,N,,*60
$IIVLW,00000,N,000.0,N*53
$IIGLL,3739.856,N,12222.811,W,235752,A,A*4A
$IIHDG,271,,,15,E*12
$IIMTW,+15.0,C*3C
$IIMWV,357,R,05.3,N,A*14
$IIMWV,357,T,05.4,N,A*15
$IIRMC,235752,A,3739.856,N,12222.811,W,00.0,017,250310,15,E,A*11
$IIVHW,,,271,M,00.0,N,,*60
$IIVLW,00000,N,000.0,N*53
$IIGLL,3739.856,N,12222.811,W,235753,A,A*4B
$IIHDG,271,,,15,E*12
$IIMTW,+15.0,C*3C
$IIMWV,001,R,05.5,N,A*12
$IIMWV,357,T,05.3,N,A*12
$IIRMB,A,0.23,R,,BAYBDG  ,,,,,008.10,001,,V,A*7B
$IIRMC,235753,A,3739.856,N,12222.811,W,00.0,017,250310,15,E,A*10
$IIVHW,,,271,M,00.0,N,,*60
$IIVLW,00000,N,000.0,N*53
$IIGLL,3739.856,N,12222.811,W,235754,A,A*4C
$IIHDG,271,,,15,E*12
$IIMTW,+15.0,C*3C
$IIMWV,001,R,05.7,N,A*10
$IIMWV,001,T,05.5,N,A*14
$IIRMC,235754,A,3739.856,N,12222.811,W,00.0,017,250310,15,E,A*17
$IIVHW,,,271,M,00.0,N,,*60
$IIVLW,00000,N,000.0,N*53
$IIGLL,3739.856,N,12222.811,W,235755,A,A*4D
$IIHDG,271,,,15,E*12
$IIMTW,+15.0,C*3C
$IIMWV,000,R,05.7,N,A*11
$IIMWV,001,T,05.7,N,A*16
$IIRMB,A,0.23,R,,BAYBDG  ,,,,,008.10,001,,V,A*7B
$IIRMC,235757,A,3739.856,N,12222.812,W,00.0,017,250310,15,E,A*17
$IIVHW,,,271,M,00.0,N,,*60
$IIVLW,00000,N,000.0,N*53
$IIGLL,3739.856,N,12222.812,W,235757,A,A*4C
$IIHDG,271,,,15,E*12
$IIMTW,+15.0,C*3C
$IIMWV,350,R,04.9,N,A*18
$IIMWV,353,T,05.3,N,A*16
$IIRMB,A,0.23,R,,BAYBDG  ,,,,,008.10,001,,V,A*7B
$IIRMC,235758,A,3739.856,N,12222.812,W,00.0,017,250310,15,E,A*18
$IIVHW,,,271,M,00.0,N,,*60
$IIVLW,00000,N,000.0,N*53
$IIGLL,3739.856,N,12222.812,W,235758,A,A*43
$IIHDG,271,,,15,E*12
$IIMTW,+15.0,C*3C
$IIMWV,347,R,03.9,N,A*19
$IIMWV,347,T,04.4,N,A*15
$IIRMB,A,0.23,R,,BAYBDG  ,,,,,008.10,001,,V,A*7B
$IIRMC,235759,A,3739.856,N,12222.813,W,00.0,017,250310,15,E,A*18
$IIVHW,,,271,M,00.0,N,,*60
$IIVLW,00000,N,000.0,N*53
$IIGLL,3739.856,N,12222.813,W,235759,A,A*43
$IIHDG,271,,,15,E*12
$IIMTW,+15.0,C*3C
$IIMWV,348,R,03.5,N,A*1A
$IIMWV,347,T,03.9,N,A*1F
$IIRMC,235800,A,3739.856,N,12222.813,W,00.0,017,250310,15,E,A*1B
$IIVHW,,,271,M,00.0,N,,*60
$IIVLW,00000,N,000.0,N*53
$IIGLL,3739.856,N,12222.813,W,235800,A,A*40
$IIHDG,271,,,15,E*12
$IIMTW,+15.0,C*3C
$IIMWV,345,R,03.3,N,A*11
$IIMWV,348,T,03.5,N,A*1C
$IIRMB,A,0.23,R,,BAYBDG  ,,,,,008.10,001,,V,A*7B
$IIRMC,235801,A,3739.857,N,12222.812,W,00.0,017,250310,15,E,A*1A
$IIVHW,,,271,M,00.0,N,,*60
$IIVLW,00000,N,000.0,N*53
$IIGLL,3739.857,N,12222.812,W,235802,A,A*42
$IIHDG,271,,,15,E*12
$IIMTW,+15.0,C*3C
$IIMWV,345,R,02.9,N,A*1A
$IIMWV,345,T,03.3,N,A*17
$IIRMC,235802,A,3739.857,N,12222.812,W,00.0,017,250310,15,E,A*19
$IIVHW,,,271,M,00.0,N,,*60
$IIVLW,00000,N,000.0,N*53
$IIGLL,3739.856,N,12222.811,W,235803,A,A*41
$IIHDG,271,,,15,E*12
$IIMTW,+15.0,C*3C
$IIMWV,351,R,02.7,N,A*11
$IIMWV,345,T,02.9,N,A*1C
$IIRMB,A,0.23,R,,BAYBDG  ,,,,,008.10,001,,V,A*7B
$IIRMC,235803,A,3739.856,N,12222.811,W,00.0,017,250310,15,E,A*1A
$IIVHW,,,271,M,00.0,N,,*60
$IIVLW,00000,N,000.0,N*53
$IIGLL,3739.856,N,12222.811,W,235804,A,A*46
$IIHDG,271,,,15,E*12
$IIMTW,+15.0,C*3C
$IIMWV,349,R,02.4,N,A*1B
$IIMWV,351,T,02.7,N,A*17
$IIRMC,235804,A,3739.856,N,12222.811,W,00.0,017,250310,15,E,A*1D
$IIVHW,,,271,M,00.0,N,,*60
$IIVLW,00000,N,000.0,N*53
$IIGLL,3739.856,N,12222.811,W,235805,A,A*47
$IIHDG,271,,,15,E*12
$IIMTW,+15.0,C*3C
$IIMWV,353,R,02.4,N,A*10
$IIMWV,349,T,02.4,N,A*1D
$IIRMB,A,0.23,R,,BAYBDG  ,,,,,008.10,001,,V,A*7B
$IIRMC,235806,A,3739.856,N,12222.811,W,00.0,017,250310,15,E,A*1F
$IIVHW,,,271,M,00.0,N,,*60
$IIVLW,00000,N,000.0,N*53
$IIGLL,3739.856,N,12222.811,W,235806,A,A*44
$IIHDG,271,,,15,E*12
$IIMTW,+15.0,C*3C
$IIMWV,356,R,02.4,N,A*15
$IIMWV,353,T,02.4,N,A*16
$IIRMB,A,0.23,R,,BAYBDG  ,,,,,008.10,001,,V,A*7B
$IIRMC,235809,A,3739.856,N,12222.810,W,00.0,017,250310,15,E,A*11
$IIVHW,,,271,M,00.0,N,,*60
$IIVLW,00000,N,000.0,N*53
$IIGLL,3739.856,N,12222.810,W,235809,A,A*4A
$IIHDG,271,,,15,E*12
$IIMTW,+15.0,C*3C
$IIMWV,009,R,04.9,N,A*17
$IIMWV,004,T,03.9,N,A*1B
$IIRMC,235810,A,3739.856,N,12222.810,W,00.0,017,250310,15,E,A*19
$IIVHW,,,272,M,00.0,N,,*63
$IIVLW,00000,N,000.0,N*53
$IIGLL,3739.856,N,12222.810,W,235810,A,A*42
$IIHDG,272,,,15,E*11
$IIMTW,+15.0,C*3C
$IIMWV,012,R,05.3,N,A*16
$IIMWV,009,T,04.9,N,A*11
$IIRMB,A,0.23,R,,BAYBDG  ,,,,,008.10,001,,V,A*7B
$IIRMC,235811,A,3739.855,N,12222.810,W,00.0,017,250310,15,E,A*1B
$IIVHW,,,271,M,00.0,N,,*60
$IIVLW,00000,N,000.0,N*53
$IIGLL,3739.855,N,12222.810,W,235811,A,A*40
$IIHDG,272,,,15,E*11
$IIMTW,+15.0,C*3C
$IIMWV,005,R,05.4,N,A*17
$IIMWV,012,T,05.3,N,A*10
$IIRMC,235812,A,3739.855,N,12222.810,W,00.0,017,250310,15,E,A*18
$IIVHW,,,272,M,00.0,N,,*63
$IIVLW,00000,N,000.0,N*53
$IIGLL,3739.855,N,12222.810,W,235812,A,A*43
$IIHDG,271,,,15,E*12
$IIMTW,+15.0,C*3C
$IIMWV,357,R,05.4,N,A*13
$IIMWV,005,T,05.4,N,A*11
$IIRMB,A,0.23,R,,BAYBDG  ,,,,,008.10,001,,V,A*7B
$IIRMC,235813,A,3739.856,N,12222.810,W,00.0,017,250310,15,E,A*1A
$IIVHW,,,271,M,00.0,N,,*60
$IIVLW,00000,N,000.0,N*53
$IIGLL,3739.856,N,12222.811,W,235814,A,A*47
$IIHDG,271,,,15,E*12
$IIMTW,+15.0,C*3C
$IIMWV,352,R,05.3,N,A*11
$IIMWV,357,T,05.4,N,A*15
$IIRMC,235814,A,3739.856,N,12222.811,W,00.0,017,250310,15,E,A*1C
$IIVHW,,,271,M,00.0,N,,*60
$IIVLW,00000,N,000.0,N*53
$IIGLL,3739.856,N,12222.811,W,235815,A,A*46
$IIHDG,271,,,15,E*12
$IIMTW,+15.0,C*3C
$IIMWV,354,R,05.3,N,A*17
$IIMWV,352,T,05.3,N,A*17
$IIRMB,A,0.23,R,,BAYBDG  ,,,,,008.10,001,,V,A*7B
$IIRMC,235815,A,3739.856,N,12222.811,W,00.0,017,250310,15,E,A*1D
$IIVHW,,,271,M,00.0,N,,*60
$IIVLW,00000,N,000.0,N*53
$IIGLL,3739.856,N,12222.811,W,235816,A,A*45
$IIHDG,271,,,15,E*12
$IIMTW,+15.0,C*3C
$IIMWV,354,R,05.6,N,A*12
$IIMWV,354,T,05.3,N,A*11
$IIRMC,235816,A,3739.856,N,12222.811,W,00.0,017,250310,15,E,A*1E
$IIVHW,,,271,M,00.0,N,,*60
$IIVLW,00000,N,000.0,N*53
$IIGLL,3739.856,N,12222.811,W,235817,A,A*44
$IIHDG,271,,,15,E*12
$IIMTW,+15.0,C*3C
$IIMWV,356,R,06.5,N,A*10
$IIMWV,354,T,05.6,N,A*14
$IIRMB,A,0.23,R,,BAYBDG  ,,,,,008.10,001,,V,A*7B
$IIRMC,235818,A,3739.856,N,12222.811,W,00.0,017,250310,15,E,A*10
$IIVHW,,,271,M,00.0,N,,*60
$IIVLW,00000,N,000.0,N*53
$IIGLL,3739.856,N,12222.811,W,235818,A,A*4B
$IIHDG,271,,,15,E*12
$IIMTW,+15.0,C*3C
$IIMWV,359,R,07.2,N,A*19
$IIMWV,356,T,06.5,N,A*16
$IIRMB,A,0.23,R,,BAYBDG  ,,,,,008.10,001,,V,A*7B
$IIRMC,235819,A,3739.856,N,12222.812,W,00.0,017,250310,15,E,A*12
$IIVHW,,,271,M,00.0,N,,*60
$IIVLW,00000,N,000.0,N*53
$IIGLL,3739.856,N,12222.812,W,235819,A,A*49
$IIHDG,271,,,15,E*12
$IIMTW,+15.0,C*3C
$IIMWV,006,R,07.7,N,A*15
$IIMWV,002,T,07.7,N,A*17
$IIRMC,235820,A,3739.856,N,12222.812,W,00.0,017,250310,15,E,A*18
$IIVHW,,,271,M,00.0,N,,*60
$IIVLW,00000,N,000.0,N*53
$IIGLL,3739.856,N,12222.812,W,235820,A,A*43
$IIHDG,271,,,15,E*12
$IIMTW,+15.0,C*3C
$IIMWV,010,R,07.3,N,A*16
$IIMWV,006,T,07.7,N,A*13
$IIRMB,A,0.23,R,,BAYBDG  ,,,,,008.10,001,,V,A*7B
$IIRMC,235821,A,3739.855,N,12222.812,W,00.0,017,250310,15,E,A*1A
$IIVHW,,,271,M,00.0,N,,*60
$IIVLW,00000,N,000.0,N*53
$IIGLL,3739.855,N,12222.812,W,235821,A,A*41
$IIHDG,271,,,15,E*12
$IIMTW,+15.0,C*3C
$IIMWV,014,R,06.6,N,A*16
$IIMWV,010,T,07.3,N,A*10
$IIRMC,235822,A,3739.855,N,12222.812,W,00.0,017,250310,15,E,A*19
$IIVHW,,,271,M,00.0,N,,*60
$IIVLW,00000,N,000.0,N*53
$IIGLL,3739.855,N,12222.812,W,235822,A,A*42
$IIHDG,271,,,15,E*12
$IIMTW,+15.0,C*3C
$IIMWV,016,R,06.4,N,A*16
$IIMWV,014,T,06.6,N,A*10
$IIRMB,A,0.23,R,,BAYBDG  ,,,,,008.10,001,,V,A*7B
$IIRMC,235823,A,3739.855,N,12222.812,W,00.0,017,250310,15,E,A*18
$IIVHW,,,271,M,00.0,N,,*60
$IIVLW,00000,N,000.0,N*53
$IIGLL,3739.855,N,12222.812,W,235824,A,A*44
$IIHDG,271,,,15,E*12
$IIMTW,+15.0,C*3C
$IIMWV,015,R,05.7,N,A*15
$IIMWV,016,T,06.4,N,A*10
$IIRMC,235824,A,3739.855,N,12222.812,W,00.0,017,250310,15,E,A*1F
$IIVHW,,,271,M,00.0,N,,*60
$IIVLW,00000,N,000.0,N*53
$IIGLL,3739.855,N,12222.812,W,235825,A,A*45
$IIHDG,271,,,15,E*12
$IIMTW,+15.0,C*3C
$IIMWV,015,R,05.1,N,A*13
$IIMWV,015,T,05.7,N,A*13
$IIRMB,A,0.23,R,,BAYBDG  ,,,,,008.10,001,,V,A*7B
$IIRMC,235825,A,3739.855,N,12222.812,W,00.0,017,250310,15,E,A*1E
$IIVHW,,,271,M,00.0,N,,*60
$IIVLW,00000,N,000.0,N*53
$IIGLL,3739.855,N,12222.813,W,235826,A,A*47
$IIHDG,271,,,15,E*12
$IIMTW,+15.0,C*3C
$IIMWV,015,R,04.7,N,A*14
$IIMWV,015,T,05.1,N,A*15
$IIRMC,235826,A,3739.855,N,12222.813,W,00.0,017,250310,15,E,A*1C
$IIVHW,,,271,M,00.0,N,,*60
$IIVLW,00000,N,000.0,N*53
$IIGLL,3739.856,N,12222.813,W,235827,A,A*45
$IIHDG,271,,,15,E*12
$IIMTW,+15.0,C*3C
$IIMWV,014,R,04.2,N,A*10
$IIMWV,015,T,04.7,N,A*12
$IIRMB,A,0.23,R,,BAYBDG  ,,,,,008.10,001,,V,A*7B
$IIRMC,235828,A,3739.856,N,12222.813,W,00.0,017,250310,15,E,A*11
$IIVHW,,,271,M,00.0,N,,*60
$IIVLW,00000,N,000.0,N*53
$IIGLL,3739.856,N,12222.813,W,235828,A,A*4A
$IIHDG,271,,,15,E*12
$IIMTW,+15.0,C*3C
$IIMWV,018,R,04.0,N,A*1E
$IIMWV,014,T,04.2,N,A*16
$IIRMB,A,0.23,R,,BAYBDG  ,,,,,008.10,001,,V,A*7B
$IIRMC,235829,A,3739.856,N,12222.813,W,00.0,017,250310,15,E,A*10
$IIVHW,,,271,M,00.0,N,,*60
$IIVLW,00000,N,000.0,N*53
$IIGLL,3739.856,N,12222.813,W,235829,A,A*4B
$IIHDG,271,,,15,E*12
$IIMTW,+15.0,C*3C
$IIMWV,018,R,03.7,N,A*1E
$IIMWV,016,T,03.8,N,A*19
$IIRMC,235830,A,3739.856,N,12222.812,W,00.0,017,250310,15,E,A*19
$IIVHW,,,271,M,00.0,N,,*60
$IIVLW,00000,N,000.0,N*53
$IIGLL,3739.856,N,12222.812,W,235830,A,A*42
$IIHDG,271,,,15,E*12
$IIMTW,+15.0,C*3C
$IIMWV,020,R,03.7,N,A*15
$IIMWV,018,T,03.7,N,A*18
$IIRMB,A,0.23,R,,BAYBDG  ,,,,,008.10,001,,V,A*7B
$IIRMC,235831,A,3739.856,N,12222.813,W,00.0,017,250310,15,E,A*19
$IIVHW,,,271,M,00.0,N,,*60
$IIVLW,00000,N,000.0,N*53
$IIGLL,3739.856,N,12222.813,W,235831,A,A*42
$IIHDG,271,,,15,E*12
$IIMTW,+15.0,C*3C
$IIMWV,017,R,03.6,N,A*10
$IIMWV,020,T,03.7,N,A*13
$IIRMC,235832,A,3739.855,N,12222.813,W,00.0,017,250310,15,E,A*19
$IIVHW,,,271,M,00.0,N,,*60
$IIVLW,00000,N,000.0,N*53
$IIGLL,3739.855,N,12222.813,W,235832,A,A*42
$IIHDG,271,,,15,E*12
$IIMTW,+15.0,C*3C
$IIMWV,018,R,03.5,N,A*1C
$IIMWV,017,T,03.6,N,A*16
$IIRMB,A,0.23,R,,BAYBDG  ,,,,,008.10,001,,V,A*7B
$IIRMC,235833,A,3739.856,N,12222.813,W,00.0,017,250310,15,E,A*1B
$IIVHW,,,271,M,00.0,N,,*60
$IIVLW,00000,N,000.0,N*53
$IIGLL,3739.857,N,12222.812,W,235834,A,A*47
$IIHDG,271,,,15,E*12
$IIMTW,+15.0,C*3C
$IIMWV,016,R,03.5,N,A*12
$IIMWV,018,T,03.5,N,A*1A
$IIRMC,235834,A,3739.857,N,12222.812,W,00.0,017,250310,15,E,A*1C
$IIVHW,,,271,M,00.0,N,,*60
$IIVLW,00000,N,000.0,N*53
$IIGLL,3739.857,N,12222.812,W,235835,A,A*46
$IIHDG,271,,,15,E*12
$IIMTW,+15.0,C*3C
$IIMWV,013,R,03.6,N,A*14
$IIMWV,016,T,03.5,N,A*14
$IIRMB,A,0.23,R,,BAYBDG  ,,,,,008.10,001,,V,A*7B
$IIRMC,235835,A,3739.857,N,12222.812,W,00.0,017,250310,15,E,A*1D
$IIVHW,,,271,M,00.0,N,,*60
$IIVLW,00000,N,000.0,N*53
$IIGLL,3739.857,N,12222.812,W,235836,A,A*45
$IIHDG,271,,,15,E*12
$IIMTW,+15.0,C*3C
$IIMWV,011,R,04.0,N,A*17
$IIMWV,013,T,03.6,N,A*12
$IIRMC,235836,A,3739.857,N,12222.812,W,00.0,017,250310,15,E,A*1E
$IIVHW,,,271,M,00.0,N,,*60
$IIVLW,00000,N,000.0,N*53
$IIGLL,3739.856,N,12222.812,W,235837,A,A*45
$IIHDG,271,,,15,E*12
$IIMTW,+15.0,C*3C
$IIMWV,009,R,04.1,N,A*1F
$IIMWV,011,T,04.0,N,A*11
$IIRMB,A,0.23,R,,BAYBDG  ,,,,,008.10,001,,V,A*7B
$IIRMC,235838,A,3739.856,N,12222.812,W,00.0,017,250310,15,E,A*11
$IIVHW,,,271,M,00.0,N,,*60
$IIVLW,00000,N,000.0,N*53
$IIGLL,3739.856,N,12222.812,W,235838,A,A*4A
$IIHDG,271,,,15,E*12
$IIMTW,+15.0,C*3C
$IIMWV,006,R,04.5,N,A*14
$IIMWV,009,T,04.1,N,A*19
$IIRMB,A,0.23,R,,BAYBDG  ,,,,,008.10,001,,V,A*7B
$IIRMC,235839,A,3739.856,N,12222.812,W,00.0,017,250310,15,E,A*10
$IIVHW,,,271,M,00.0,N,,*60
$IIVLW,00000,N,000.0,N*53
$IIGLL,3739.856,N,12222.812,W,235839,A,A*4B
$IIHDG,271,,,15,E*12
$IIMTW,+15.0,C*3C
$IIMWV,009,R,05.5,N,A*1A
$IIMWV,009,T,05.1,N,A*18
$IIRMC,235840,A,3739.856,N,12222.812,W,00.0,017,250310,15,E,A*1E
$IIVHW,,,271,M,00.0,N,,*60
$IIVLW,00000,N,000.0,N*53
$IIGLL,3739.856,N,12222.812,W,235840,A,A*45
$IIHDG,271,,,15,E*12
$IIMTW,+15.0,C*3C
$IIMWV,012,R,06.0,N,A*16
$IIMWV,009,T,05.5,N,A*1C
$IIRMB,A,0.23,R,,BAYBDG  ,,,,,008.10,001,,V,A*7B
$IIRMC,235841,A,3739.856,N,12222.812,W,00.0,017,250310,15,E,A*1F
$IIVHW,,,271,M,00.0,N,,*60
$IIVLW,00000,N,000.0,N*53
$IIGLL,3739.856,N,12222.812,W,235841,A,A*44
$IIHDG,271,,,15,E*12
$IIMTW,+15.0,C*3C
$IIMWV,013,R,05.9,N,A*1D
$IIMWV,012,T,06.0,N,A*10
$IIRMC,235842,A,3739.856,N,12222.812,W,00.0,017,250310,15,E,A*1C
$IIVHW,,,271,M,00.0,N,,*60
$IIVLW,00000,N,000.0,N*53
$IIGLL,3739.856,N,12222.812,W,235842,A,A*47
$IIHDG,271,,,15,E*12
$IIMTW,+15.0,C*3C
$IIMWV,014,R,05.6,N,A*15
$IIMWV,013,T,05.9,N,A*1B
$IIRMB,A,0.23,R,,BAYBDG  ,,,,,008.10,001,,V,A*7B
$IIRMC,235843,A,3739.857,N,12222.813,W,00.0,017,250310,15,E,A*1D
$IIVHW,,,271,M,00.0,N,,*60
$IIVLW,00000,N,000.0,N*53
$IIGLL,3739.857,N,12222.813,W,235844,A,A*41
$IIHDG,271,,,15,E*12
$IIMTW,+15.0,C*3C
$IIMWV,017,R,05.3,N,A*13
$IIMWV,014,T,05.6,N,A*13
$IIRMC,235844,A,3739.857,N,12222.813,W,00.0,017,250310,15,E,A*1A
$IIVHW,,,271,M,00.0,N,,*60
$IIVLW,00000,N,000.0,N*53
$IIGLL,3739.857,N,12222.813,W,235845,A,A*40
$IIHDG,271,,,15,E*12
$IIMTW,+15.0,C*3C
$IIMWV,024,R,04.8,N,A*19
$IIMWV,017,T,05.3,N,A*15
$IIRMB,A,0.23,R,,BAYBDG  ,,,,,008.10,001,,V,A*7B
$IIRMC,235845,A,3739.857,N,12222.813,W,00.0,017,250310,15,E,A*1B
$IIVHW,,,271,M,00.0,N,,*60
$IIVLW,00000,N,000.0,N*53
$IIGLL,3739.857,N,12222.813,W,235846,A,A*43
$IIHDG,271,,,15,E*12
$IIMTW,+15.0,C*3C
$IIMWV,021,R,04.7,N,A*13
$IIMWV,024,T,04.8,N,A*1F
$IIRMC,235846,A,3739.857,N,12222.813,W,00.0,017,250310,15,E,A*18
$IIVHW,,,271,M,00.0,N,,*60
$IIVLW,00000,N,000.0,N*53
$IIGLL,3739.857,N,12222.812,W,235847,A,A*43
$IIHDG,271,,,15,E*12
$IIMTW,+15.0,C*3C
$IIMWV,015,R,05.2,N,A*10
$IIMWV,021,T,04.7,N,A*15
$IIRMB,A,0.23,R,,BAYBDG  ,,,,,008.10,001,,V,A*7B
$IIRMC,235848,A,3739.857,N,12222.812,W,00.0,017,250310,15,E,A*17
$IIVHW,,,271,M,00.0,N,,*60
$IIVLW,00000,N,000.0,N*53
$IIGLL,3739.857,N,12222.812,W,235848,A,A*4C
$IIHDG,271,,,15,E*12
$IIMTW,+15.0,C*3C
$IIMWV,011,R,05.7,N,A*11
$IIMWV,015,T,05.2,N,A*16
$IIRMB,A,0.23,R,,BAYBDG  ,,,,,008.10,001,,V,A*7B
$IIRMC,235849,A,3739.857,N,12222.812,W,00.0,017,250310,15,E,A*16
$IIVHW,,,271,M,00.0,N,,*60
$IIVLW,00000,N,000.0,N*53
$IIGLL,3739.857,N,12222.812,W,235849,A,A*4D
$IIHDG,271,,,15,E*12
$IIMTW,+15.0,C*3C
$IIMWV,011,R,05.9,N,A*1F
$IIMWV,011,T,05.9,N,A*19
$IIRMC,235850,A,3739.857,N,12222.812,W,00.0,017,250310,15,E,A*1E
$IIVHW,,,271,M,00.0,N,,*60
$IIVLW,00000,N,000.0,N*53
$IIGLL,3739.857,N,12222.812,W,235850,A,A*45
$IIHDG,271,,,15,E*12
$IIMTW,+15.0,C*3C
$IIMWV,012,R,05.8,N,A*1D
$IIMWV,011,T,05.9,N,A*19
$IIRMB,A,0.23,R,,BAYBDG  ,,,,,008.10,001,,V,A*7B
$IIRMC,235851,A,3739.857,N,12222.812,W,00.0,017,250310,15,E,A*1F
$IIVHW,,,271,M,00.0,N,,*60
$IIVLW,00000,N,000.0,N*53
$IIGLL,3739.857,N,12222.812,W,235851,A,A*44
$IIHDG,271,,,15,E*12
$IIMTW,+15.0,C*3C
$IIMWV,015,R,05.7,N,A*15
$IIMWV,012,T,05.8,N,A*1B
$IIRMC,235852,A,3739.858,N,12222.811,W,00.0,017,250310,15,E,A*10
$IIVHW,,,271,M,00.0,N,,*60
$IIVLW,00000,N,000.0,N*53
$IIGLL,3739.858,N,12222.811,W,235852,A,A*4B
$IIHDG,271,,,15,E*12
$IIMTW,+15.0,C*3C
$IIMWV,014,R,05.4,N,A*17
$IIMWV,015,T,05.7,N,A*13
$IIRMB,A,0.23,R,,BAYBDG  ,,,,,008.10,001,,V,A*7B
$IIRMC,235853,A,3739.858,N,12222.812,W,00.0,017,250310,15,E,A*12
$IIVHW,,,271,M,00.0,N,,*60
$IIVLW,00000,N,000.0,N*53
$IIGLL,3739.858,N,12222.812,W,235854,A,A*4E
$IIHDG,271,,,15,E*12
$IIMTW,+15.0,C*3C
$IIMWV,011,R,05.2,N,A*14
$IIMWV,014,T,05.4,N,A*11
$IIRMC,235854,A,3739.858,N,12222.812,W,00.0,017,250310,15,E,A*15
$IIVHW,,,271,M,00.0,N,,*60
$IIVLW,00000,N,000.0,N*53
$IIGLL,3739.858,N,12222.811,W,235855,A,A*4C
$IIHDG,271,,,15,E*12
$IIMTW,+15.0,C*3C
$IIMWV,009,R,05.5,N,A*1A
$IIMWV,011,T,05.2,N,A*12
$IIRMB,A,0.23,R,,BAYBDG  ,,,,,008.10,001,,V,A*7B
$IIRMC,235855,A,3739.858,N,12222.811,W,00.0,017,250310,15,E,A*17
$IIVHW,,,271,M,00.0,N,,*60
$IIVLW,00000,N,000.0,N*53
$IIGLL,3739.858,N,12222.811,W,235856,A,A*4F
$IIHDG,271,,,15,E*12
$IIMTW,+15.0,C*3C
$IIMWV,006,R,05.6,N,A*16
$IIMWV,009,T,05.5,N,A*1C
$IIRMC,235856,A,3739.858,N,12222.811,W,00.0,017,250310,15,E,A*14
$IIVHW,,,271,M,00.0,N,,*60
$IIVLW,00000,N,000.0,N*53
$IIGLL,3739.857,N,12222.811,W,235857,A,A*41
$IIHDG,271,,,15,E*12
$IIMTW,+15.0,C*3C
$IIMWV,002,R,05.6,N,A*12
$IIMWV,006,T,05.6,N,A*10
$IIRMB,A,0.23,R,,BAYBDG  ,,,,,008.10,001,,V,A*7B
$IIRMC,235858,A,3739.857,N,12222.811,W,00.0,017,250310,15,E,A*15
$IIVHW,,,271,M,00.0,N,,*60
$IIVLW,00000,N,000.0,N*53
$IIGLL,3739.857,N,12222.811,W,235858,A,A*4E
$IIHDG,271,,,15,E*12
$IIMTW,+15.0,C*3C
$IIMWV,002,R,05.9,N,A*1D
$IIMWV,002,T,05.6,N,A*14
$IIRMB,A,0.23,R,,BAYBDG  ,,,,,008.10,001,,V,A*7B
$IIRMC,235859,A,3739.857,N,12222.811,W,00.0,017,250310,15,E,A*14
$IIVHW,,,271,M,00.0,N,,*60
$IIVLW,00000,N,000.0,N*53
$IIGLL,3739.857,N,12222.811,W,235859,A,A*4F
$IIHDG,271,,,15,E*12
$IIMTW,+15.0,C*3C
$IIMWV,004,R,05.5,N,A*17
$IIMWV,002,T,05.5,N,A*17
$IIRMC,235900,A,3739.858,N,12222.811,W,00.0,017,250310,15,E,A*16
$IIVHW,,,271,M,00.0,N,,*60
$IIVLW,00000,N,000.0,N*53
$IIGLL,3739.858,N,12222.811,W,235900,A,A*4D
$IIHDG,271,,,15,E*12
$IIMTW,+15.0,C*3C
$IIMWV,006,R,05.6,N,A*16
$IIMWV,004,T,05.5,N,A*11
$IIRMB,A,0.23,R,,BAYBDG  ,,,,,008.10,001,,V,A*7B
$IIRMC,235901,A,3739.857,N,12222.810,W,00.0,017,250310,15,E,A*19
$IIVHW,,,271,M,00.0,N,,*60
$IIVLW,00000,N,000.0,N*53
$IIGLL,3739.857,N,12222.810,W,235901,A,A*42
$IIHDG,271,,,15,E*12
$IIMTW,+15.0,C*3C
$IIMWV,006,R,05.6,N,A*16
$IIMWV,006,T,05.6,N,A*10
$IIRMC,235902,A,3739.857,N,12222.810,W,00.0,017,250310,15,E,A*1A
$IIVHW,,,271,M,00.0,N,,*60
$IIVLW,00000,N,000.0,N*53
$IIGLL,3739.857,N,12222.810,W,235902,A,A*41
$IIHDG,271,,,15,E*12
$IIMTW,+15.0,C*3C
$IIMWV,006,R,05.8,N,A*18
$IIMWV,006,T,05.6,N,A*10
$IIRMB,A,0.23,R,,BAYBDG  ,,,,,008.10,001,,V,A*7B
$IIRMC,235903,A,3739.857,N,12222.810,W,00.0,017,250310,15,E,A*1B
$IIVHW,,,271,M,00.0,N,,*60
$IIVLW,00000,N,000.0,N*53
$IIGLL,3739.857,N,12222.810,W,235904,A,A*47
$IIHDG,271,,,15,E*12
$IIMTW,+15.0,C*3C
$IIMWV,004,R,05.8,N,A*1A
$IIMWV,006,T,05.8,N,A*1E
$IIRMC,235904,A,3739.857,N,12222.810,W,00.0,017,250310,15,E,A*1C
$IIVHW,,,271,M,00.0,N,,*60
$IIVLW,00000,N,000.0,N*53
$IIGLL,3739.857,N,12222.810,W,235905,A,A*46
$IIHDG,271,,,15,E*12
$IIMTW,+15.0,C*3C
$IIMWV,000,R,05.4,N,A*12
$IIMWV,004,T,05.8,N,A*1C
$IIRMB,A,0.23,R,,BAYBDG  ,,,,,008.10,001,,V,A*7B
$IIRMC,235905,A,3739.857,N,12222.810,W,00.0,017,250310,15,E,A*1D
$IIVHW,,,271,M,00.0,N,,*60
$IIVLW,00000,N,000.0,N*53
$IIGLL,3739.857,N,12222.810,W,235906,A,A*45
$IIHDG,271,,,15,E*12
$IIMTW,+15.0,C*3C
$IIMWV,359,R,05.2,N,A*1B
$IIMWV,000,T,05.4,N,A*14
$IIRMC,235906,A,3739.857,N,12222.810,W,00.0,017,250310,15,E,A*1E
$IIVHW,,,271,M,00.0,N,,*60
$IIVLW,00000,N,000.0,N*53
$IIGLL,3739.857,N,12222.810,W,235907,A,A*44
$IIHDG,271,,,15,E*12
$IIMTW,+15.0,C*3C
$IIMWV,006,R,04.3,N,A*12
$IIMWV,359,T,05.2,N,A*1D
$IIRMB,A,0.23,R,,BAYBDG  ,,,,,008.10,001,,V,A*7B
$IIRMC,235908,A,3739.857,N,12222.811,W,00.0,017,250310,15,E,A*11
$IIVHW,,,271,M,00.0,N,,*60
$IIVLW,00000,N,000.0,N*53
$IIGLL,3739.857,N,12222.811,W,235908,A,A*4A
$IIHDG,271,,,15,E*12
$IIMTW,+15.0,C*3C
$IIMWV,014,R,03.6,N,A*13
$IIMWV,006,T,04.3,N,A*14
$IIRMB,A,0.23,R,,BAYBDG  ,,,,,008.10,001,,V,A*7B
$IIRMC,235909,A,3739.857,N,12222.811,W,00.0,017,250310,15,E,A*10
$IIVHW,,,271,M,00.0,N,,*60
$IIVLW,00000,N,000.0,N*53
$IIGLL,3739.857,N,12222.811,W,235909,A,A*4B
$IIHDG,271,,,15,E*12
$IIMTW,+15.0,C*3C
$IIMWV,012,R,03.2,N,A*11
$IIMWV,016,T,03.2,N,A*13
$IIRMC,235910,A,3739.857,N,12222.811,W,00.0,017,250310,15,E,A*18
$IIVHW,,,271,M,00.0,N,,*60
$IIVLW,00000,N,000.0,N*53
$IIGLL,3739.857,N,12222.811,W,235910,A,A*43
$IIHDG,271,,,15,E*12
$IIMTW,+15.0,C*3C
$IIMWV,012,R,03.3,N,A*10
$IIMWV,012,T,03.2,N,A*17
$IIRMB,A,0.23,R,,BAYBDG  ,,,,,008.10,001,,V,A*7B
$IIRMC,235911,A,3739.856,N,12222.811,W,00.0,017,250310,15,E,A*18
$IIVHW,,,271,M,00.0,N,,*60
$IIVLW,00000,N,000.0,N*53
$IIGLL,3739.856,N,12222.811,W,235911,A,A*43
$IIHDG,271,,,15,E*12
$IIMTW,+15.0,C*3C
$IIMWV,007,R,03.7,N,A*10
$IIMWV,012,T,03.3,N,A*16
$IIRMC,235912,A,3739.856,N,12222.811,W,00.0,017,250310,15,E,A*1B
$IIVHW,,,271,M,00.0,N,,*60
$IIVLW,00000,N,000.0,N*53
$IIGLL,3739.856,N,12222.811,W,235912,A,A*40
$IIHDG,271,,,15,E*12
$IIMTW,+15.0,C*3C
$IIMWV,003,R,04.2,N,A*16
$IIMWV,007,T,03.7,N,A*16
$IIRMB,A,0.23,R,,BAYBDG  ,,,,,008.10,001,,V,A*7B
$IIRMC,235913,A,3739.856,N,12222.811,W,00.0,017,250310,15,E,A*1A
$IIVHW,,,271,M,00.0,N,,*60
$IIVLW,00000,N,000.0,N*53
$IIGLL,3739.857,N,12222.811,W,235914,A,A*47
$IIHDG,271,,,15,E*12
$IIMTW,+15.0,C*3C
$IIMWV,001,R,04.6,N,A*10
$IIMWV,003,T,04.2,N,A*10
$IIRMC,235914,A,3739.857,N,12222.811,W,00.0,017,250310,15,E,A*1C
$IIVHW,,,271,M,00.0,N,,*60
$IIVLW,00000,N,000.0,N*53
$IIGLL,3739.857,N,12222.810,W,235915,A,A*47
$IIHDG,271,,,15,E*12
$IIMTW,+15.0,C*3C
$IIMWV,002,R,05.0,N,A*14
$IIMWV,001,T,04.6,N,A*16
$IIRMB,A,0.23,R,,BAYBDG  ,,,,,008.10,001,,V,A*7B
$IIRMC,235915,A,3739.857,N,12222.810,W,00.0,017,250310,15,E,A*1C
$IIVHW,,,271,M,00.0,N,,*60
$IIVLW,00000,N,000.0,N*53
$IIGLL,3739.857,N,12222.810,W,235916,A,A*44
$IIHDG,271,,,15,E*12
$IIMTW,+15.0,C*3C
$IIMWV,004,R,04.9,N,A*1A
$IIMWV,002,T,05.0,N,A*12
$IIRMC,235916,A,3739.857,N,12222.810,W,00.0,017,250310,15,E,A*1F
$IIVHW,,,271,M,00.0,N,,*60
$IIVLW,00000,N,000.0,N*53
$IIGLL,3739.857,N,12222.810,W,235917,A,A*45
$IIHDG,271,,,15,E*12
$IIMTW,+15.0,C*3C
$IIMWV,012,R,04.8,N,A*1C
$IIMWV,004,T,04.9,N,A*1C
$IIRMB,A,0.23,R,,BAYBDG  ,,,,,008.10,001,,V,A*7B
$IIRMC,235918,A,3739.857,N,12222.811,W,00.0,017,250310,15,E,A*10
$IIVHW,,,271,M,00.0,N,,*60
$IIVLW,00000,N,000.0,N*53
$IIGLL,3739.857,N,12222.811,W,235918,A,A*4B
$IIHDG,271,,,15,E*12
$IIMTW,+15.0,C*3C
$IIMWV,007,R,04.4,N,A*14
$IIMWV,012,T,04.8,N,A*1A
$IIRMB,A,0.23,R,,BAYBDG  ,,,,,008.10,001,,V,A*7B
$IIRMC,235919,A,3739.857,N,12222.810,W,00.0,017,250310,15,E,A*10
$IIVHW,,,271,M,00.0,N,,*60
$IIVLW,00000,N,000.0,N*53
$IIGLL,3739.857,N,12222.810,W,235919,A,A*4B
$IIHDG,271,,,15,E*12
$IIMTW,+15.0,C*3C
$IIMWV,358,R,03.6,N,A*18
$IIMWV,359,T,03.8,N,A*11
$IIRMC,235920,A,3739.857,N,12222.811,W,00.0,017,250310,15,E,A*1B
$IIVHW,,,271,M,00.0,N,,*60
$IIVLW,00000,N,000.0,N*53
$IIGLL,3739.857,N,12222.811,W,235920,A,A*40
$IIHDG,271,,,15,E*12
$IIMTW,+15.0,C*3C
$IIMWV,000,R,03.2,N,A*12
$IIMWV,358,T,03.6,N,A*1E
$IIRMB,A,0.23,R,,BAYBDG  ,,,,,008.10,001,,V,A*7B
$IIRMC,235921,A,3739.857,N,12222.811,W,00.0,017,250310,15,E,A*1A
$IIVHW,,,271,M,00.0,N,,*60
$IIVLW,00000,N,000.0,N*53
$IIGLL,3739.857,N,12222.811,W,235921,A,A*41
$IIHDG,271,,,15,E*12
$IIMTW,+15.0,C*3C
$IIMWV,357,R,03.3,N,A*12
$IIMWV,000,T,03.2,N,A*14
$IIRMC,235922,A,3739.857,N,12222.811,W,00.0,017,250310,15,E,A*19
$IIVHW,,,271,M,00.0,N,,*60
$IIVLW,00000,N,000.0,N*53
$IIGLL,3739.857,N,12222.811,W,235922,A,A*42
$IIHDG,271,,,15,E*12
$IIMTW,+15.0,C*3C
$IIMWV,357,R,03.0,N,A*11
$IIMWV,357,T,03.3,N,A*14
$IIRMB,A,0.23,R,,BAYBDG  ,,,,,008.10,001,,V,A*7B
$IIRMC,235923,A,3739.856,N,12222.811,W,00.0,017,250310,15,E,A*19
$IIVHW,,,271,M,00.0,N,,*60
$IIVLW,00000,N,000.0,N*53
$IIGLL,3739.857,N,12222.811,W,235924,A,A*44
$IIHDG,271,,,15,E*12
$IIMTW,+15.0,C*3C
$IIMWV,356,R,02.6,N,A*17
$IIMWV,357,T,03.0,N,A*17
$IIRMC,235924,A,3739.857,N,12222.811,W,00.0,017,250310,15,E,A*1F
$IIVHW,,,271,M,00.0,N,,*60
$IIVLW,00000,N,000.0,N*53
$IIGLL,3739.857,N,12222.811,W,235925,A,A*45
$IIHDG,271,,,15,E*12
$IIMTW,+15.0,C*3C
$IIMWV,355,R,02.5,N,A*17
$IIMWV,356,T,02.6,N,A*11
$IIRMB,A,0.23,R,,BAYBDG  ,,,,,008.10,001,,V,A*7B
$IIRMC,235925,A,3739.857,N,12222.811,W,00.0,017,250310,15,E,A*1E
$IIVHW,,,271,M,00.0,N,,*60
$IIVLW,00000,N,000.0,N*53
$IIGLL,3739.857,N,12222.811,W,235926,A,A*46
$IIHDG,271,,,15,E*12
$IIMTW,+15.0,C*3C
$IIMWV,358,R,02.2,N,A*1D
$IIMWV,355,T,02.5,N,A*11
$IIRMC,235926,A,3739.857,N,12222.811,W,00.0,017,250310,15,E,A*1D
$IIVHW,,,271,M,00.0,N,,*60
$IIVLW,00000,N,000.0,N*53
$IIGLL,3739.856,N,12222.812,W,235927,A,A*45
$IIHDG,271,,,15,E*12
$IIMTW,+15.0,C*3C
$IIMWV,002,R,02.5,N,A*16
$IIMWV,358,T,02.2,N,A*1B
$IIRMB,A,0.23,R,,BAYBDG  ,,,,,008.10,001,,V,A*7B
$IIRMC,235928,A,3739.856,N,12222.812,W,00.0,017,250310,15,E,A*11
$IIVHW,,,271,M,00.0,N,,*60
$IIVLW,00000,N,000.0,N*53
$IIGLL,3739.856,N,12222.812,W,235928,A,A*4A
$IIHDG,271,,,15,E*12
$IIMTW,+15.0,C*3C
$IIMWV,004,R,02.4,N,A*11
$IIMWV,002,T,02.5,N,A*10
$IIRMB,A,0.23,R,,BAYBDG  ,,,,,008.10,001,,V,A*7B
$IIRMC,235930,A,3739.855,N,12222.812,W,00.0,017,250310,15,E,A*1B
$IIVHW,,,271,M,00.0,N,,*60
$IIVLW,00000,N,000.0,N*53
$IIGLL,3739.855,N,12222.812,W,235930,A,A*40
$IIHDG,271,,,15,E*12
$IIMTW,+15.0,C*3C
$IIMWV,357,R,02.5,N,A*15
$IIMWV,000,T,02.7,N,A*10
$IIRMB,A,0.23,R,,BAYBDG  ,,,,,008.10,001,,V,A*7B
$IIRMC,235931,A,3739.855,N,12222.812,W,00.0,017,250310,15,E,A*1A
$IIVHW,,,271,M,00.0,N,,*60
$IIVLW,00000,N,000.0,N*53
$IIGLL,3739.855,N,12222.812,W,235931,A,A*41
$IIHDG,271,,,15,E*12
$IIMTW,+15.0,C*3C
$IIMWV,359,R,02.4,N,A*1A
$IIMWV,357,T,02.5,N,A*13
$IIRMC,235932,A,3739.856,N,12222.812,W,00.0,017,250310,15,E,A*1A
$IIVHW,,,271,M,00.0,N,,*60
$IIVLW,00000,N,000.0,N*53
$IIGLL,3739.856,N,12222.812,W,235932,A,A*41
$IIHDG,271,,,15,E*12
$IIMTW,+15.0,C*3C
$IIMWV,003,R,02.1,N,A*13
$IIMWV,359,T,02.4,N,A*1C
$IIRMB,A,0.23,R,,BAYBDG  ,,,,,008.10,001,,V,A*7B
$IIRMC,235933,A,3739.856,N,12222.812,W,00.0,017,250310,15,E,A*1B
$IIVHW,,,271,M,00.0,N,,*60
$IIVLW,00000,N,000.0,N*53
$IIGLL,3739.856,N,12222.813,W,235934,A,A*46
$IIHDG,271,,,15,E*12
$IIMTW,+15.0,C*3C
$IIMWV,005,R,02.4,N,A*10
$IIMWV,003,T,02.1,N,A*15
$IIRMC,235934,A,3739.856,N,12222.813,W,00.0,017,250310,15,E,A*1D
$IIVHW,,,271,M,00.0,N,,*60
$IIVLW,00000,N,000.0,N*53
$IIGLL,3739.855,N,12222.813,W,235935,A,A*44
$IIHDG,271,,,15,E*12
$IIMTW,+15.0,C*3C
$IIMWV,006,R,03.0,N,A*16
$IIMWV,005,T,02.4,N,A*16
$IIRMB,A,0.23,R,,BAYBDG  ,,,,,008.10,001,,V,A*7B
$IIRMC,235935,A,3739.855,N,12222.813,W,00.0,017,250310,15,E,A*1F
$IIVHW,,,271,M,00.0,N,,*60
$IIVLW,00000,N,000.0,N*53
$IIGLL,3739.856,N,12222.813,W,235936,A,A*44
$IIHDG,271,,,15,E*12
$IIMTW,+15.0,C*3C
$IIMWV,008,R,03.1,N,A*19
$IIMWV,006,T,03.0,N,A*10
$IIRMC,235936,A,3739.856,N,12222.813,W,00.0,017,250310,15,E,A*1F
$IIVHW,,,271,M,00.0,N,,*60
$IIVLW,00000,N,000.0,N*53
$IIGLL,3739.856,N,12222.813,W,235937,A,A*45
$IIHDG,271,,,15,E*12
$IIMTW,+15.0,C*3C
$IIMWV,009,R,03.5,N,A*1C
$IIMWV,008,T,03.1,N,A*1F
$IIRMB,A,0.23,R,,BAYBDG  ,,,,,008.10,001,,V,A*7B
$IIRMC,235938,A,3739.856,N,12222.813,W,00.0,017,250310,15,E,A*11
$IIVHW,,,272,M,00.0,N,,*63
$IIVLW,00000,N,000.0,N*53
$IIGLL,3739.856,N,12222.813,W,235938,A,A*4A
$IIHDG,272,,,15,E*11
$IIMTW,+15.0,C*3C
$IIMWV,009,R,03.5,N,A*1C
$IIMWV,009,T,03.5,N,A*1A
$IIRMB,A,0.23,R,,BAYBDG  ,,,,,008.10,001,,V,A*7B
$IIRMC,235939,A,3739.856,N,12222.813,W,00.0,017,250310,15,E,A*10
$IIVHW,,,271,M,00.0,N,,*60
$IIVLW,00000,N,000.0,N*53
$IIGLL,3739.856,N,12222.813,W,235939,A,A*4B
$IIHDG,271,,,15,E*12
$IIMTW,+15.0,C*3C
$IIMWV,013,R,04.0,N,A*15
$IIMWV,012,T,03.8,N,A*1D
$IIRMC,235940,A,3739.856,N,12222.814,W,00.0,017,250310,15,E,A*19
$IIVHW,,,271,M,00.0,N,,*60
$IIVLW,00000,N,000.0,N*53
$IIGLL,3739.856,N,12222.814,W,235940,A,A*42
$IIHDG,271,,,15,E*12
$IIMTW,+15.0,C*3C
$IIMWV,011,R,04.2,N,A*15
$IIMWV,013,T,04.0,N,A*13
$IIRMB,A,0.23,R,,BAYBDG  ,,,,,008.10,001,,V,A*7B
$IIRMC,235941,A,3739.856,N,12222.814,W,00.0,017,250310,15,E,A*18
$IIVHW,,,271,M,00.0,N,,*60
$IIVLW,00000,N,000.0,N*53
$IIGLL,3739.856,N,12222.814,W,235941,A,A*43
$IIHDG,271,,,15,E*12
$IIMTW,+15.0,C*3C
$IIMWV,010,R,04.5,N,A*13
$IIMWV,011,T,04.2,N,A*13
$IIRMC,235942,A,3739.856,N,12222.814,W,00.0,017,250310,15,E,A*1B
$IIVHW,,,271,M,00.0,N,,*60
$IIVLW,00000,N,000.0,N*53
$IIGLL,3739.856,N,12222.814,W,235942,A,A*40
$IIHDG,271,,,15,E*12
$IIMTW,+15.0,C*3C
$IIMWV,012,R,04.3,N,A*17
$IIMWV,010,T,04.5,N,A*15
$IIRMB,A,0.23,R,,BAYBDG  ,,,,,008.10,001,,V,A*7B
$IIRMC,235943,A,3739.856,N,12222.814,W,00.0,017,250310,15,E,A*1A
$IIVHW,,,271,M,00.0,N,,*60
$IIVLW,00000,N,000.0,N*53
$IIGLL,3739.856,N,12222.814,W,235944,A,A*46
$IIHDG,271,,,15,E*12
$IIMTW,+15.0,C*3C
$IIMWV,009,R,04.0,N,A*1E
$IIMWV,012,T,04.3,N,A*11
$IIRMC,235944,A,3739.856,N,12222.814,W,00.0,017,250310,15,E,A*1D
$IIVHW,,,271,M,00.0,N,,*60
$IIVLW,00000,N,000.0,N*53
$IIGLL,3739.856,N,12222.814,W,235945,A,A*47
$IIHDG,271,,,15,E*12
$IIMTW,+15.0,C*3C
$IIMWV,009,R,03.6,N,A*1F
$IIMWV,009,T,04.0,N,A*18
$IIRMB,A,0.23,R,,BAYBDG  ,,,,,008.10,001,,V,A*7B
$IIRMC,235945,A,3739.856,N,12222.814,W,00.0,017,250310,15,E,A*1C
$IIVHW,,,271,M,00.0,N,,*60
$IIVLW,00000,N,000.0,N*53
$IIGLL,3739.856,N,12222.814,W,235946,A,A*44
$IIHDG,271,,,15,E*12
$IIMTW,+15.0,C*3C
$IIMWV,006,R,03.2,N,A*14
$IIMWV,009,T,03.6,N,A*19
$IIRMC,235946,A,3739.856,N,12222.814,W,00.0,017,250310,15,E,A*1F
$IIVHW,,,271,M,00.0,N,,*60
$IIVLW,00000,N,000.0,N*53
$IIGLL,3739.857,N,12222.813,W,235947,A,A*43
$IIHDG,270,,,15,E*13
$IIMTW,+15.0,C*3C
$IIMWV,008,R,03.2,N,A*1A
$IIMWV,006,T,03.2,N,A*12
$IIRMB,A,0.23,R,,BAYBDG  ,,,,,008.10,001,,V,A*7B
$IIRMC,235948,A,3739.856,N,12222.812,W,00.0,017,250310,15,E,A*17
$IIVHW,,,270,M,00.0,N,,*61
$IIVLW,00000,N,000.0,N*53
$IIGLL,3739.856,N,12222.812,W,235948,A,A*4C
$IIHDG,270,,,15,E*13
$IIMTW,+15.0,C*3C
$IIMWV,011,R,02.9,N,A*18
$IIMWV,008,T,03.2,N,A*1C
$IIRMB,A,0.23,R,,BAYBDG  ,,,,,008.10,001,,V,A*7B
$IIRMC,235949,A,3739.855,N,12222.812,W,00.0,017,250310,15,E,A*15
$IIVHW,,,270,M,00.0,N,,*61
$IIVLW,00000,N,000.0,N*53
$IIGLL,3739.855,N,12222.812,W,235949,A,A*4E
$IIHDG,270,,,15,E*13
$IIMTW,+15.0,C*3C
$IIMWV,011,R,02.2,N,A*13
$IIMWV,013,T,02.6,N,A*13
$IIRMC,235950,A,3739.856,N,12222.812,W,00.0,017,250310,15,E,A*1E
$IIVHW,,,270,M,00.0,N,,*61
$IIVLW,00000,N,000.0,N*53
$IIGLL,3739.856,N,12222.812,W,235950,A,A*45
$IIHDG,270,,,15,E*13
$IIMTW,+15.0,C*3C
$IIMWV,009,R,02.2,N,A*1A
$IIMWV,011,T,02.2,N,A*15
$IIRMB,A,0.23,R,,BAYBDG  ,,,,,008.10,001,,V,A*7B
$IIRMC,235951,A,3739.856,N,12222.812,W,00.0,017,250310,15,E,A*1F
$IIVHW,,,270,M,00.0,N,,*61
$IIVLW,00000,N,000.0,N*53
$IIGLL,3739.856,N,12222.812,W,235951,A,A*44
$IIHDG,270,,,15,E*13
$IIMTW,+15.0,C*3C
$IIMWV,011,R,02.2,N,A*13
$IIMWV,009,T,02.2,N,A*1C
$IIRMC,235952,A,3739.856,N,12222.812,W,00.0,017,250310,15,E,A*1C
$IIVHW,,,270,M,00.0,N,,*61
$IIVLW,00000,N,000.0,N*53
$IIGLL,3739.856,N,12222.812,W,235952,A,A*47
$IIHDG,270,,,15,E*13
$IIMTW,+15.0,C*3C
$IIMWV,012,R,02.5,N,A*17
$IIMWV,011,T,02.2,N,A*15
$IIRMB,A,0.23,R,,BAYBDG  ,,,,,008.10,001,,V,A*7B
$IIRMC,235953,A,3739.856,N,12222.812,W,00.0,017,250310,15,E,A*1D
$IIVHW,,,270,M,00.0,N,,*61
$IIVLW,00000,N,000.0,N*53
$IIGLL,3739.855,N,12222.812,W,235954,A,A*42
$IIHDG,270,,,15,E*13
$IIMTW,+15.0,C*3C
$IIMWV,010,R,02.4,N,A*14
$IIMWV,012,T,02.5,N,A*11
$IIRMC,235954,A,3739.855,N,12222.812,W,00.0,017,250310,15,E,A*19
$IIVHW,,,270,M,00.0,N,,*61
$IIVLW,00000,N,000.0,N*53
$IIGLL,3739.855,N,12222.812,W,235955,A,A*43
$IIHDG,270,,,15,E*13
$IIMTW,+15.0,C*3C
$IIMWV,009,R,02.4,N,A*1C
$IIMWV,010,T,02.4,N,A*12
$IIRMB,A,0.23,R,,BAYBDG  ,,,,,008.10,001,,V,A*7B
$IIRMC,235955,A,3739.855,N,12222.812,W,00.0,017,250310,15,E,A*18
$IIVHW,,,270,M,00.0,N,,*61
$IIVLW,00000,N,000.0,N*53
$IIGLL,3739.856,N,12222.811,W,235956,A,A*40
$IIHDG,271,,,15,E*12
$IIMTW,+15.0,C*3C
$IIMWV,010,R,02.3,N,A*13
$IIMWV,009,T,02.4,N,A*1A
$IIRMC,235956,A,3739.856,N,12222.811,W,00.0,017,250310,15,E,A*1B
$IIVHW,,,271,M,00.0,N,,*60
$IIVLW,00000,N,000.0,N*53
$IIGLL,3739.856,N,12222.811,W,235957,A,A*41
$IIHDG,271,,,15,E*12
$IIMTW,+15.0,C*3C
$IIMWV,012,R,02.3,N,A*11
$IIMWV,010,T,02.3,N,A*15
$IIRMB,A,0.23,R,,BAYBDG  ,,,,,008.10,001,,V,A*7B
$IIRMC,235958,A,3739.856,N,12222.811,W,00.0,017,250310,15,E,A*15
$IIVHW,,,271,M,00.0,N,,*60
$IIVLW,00000,N,000.0,N*53
$IIGLL,3739.856,N,12222.811,W,235958,A,A*4E
$IIHDG,271,,,15,E*12
$IIMTW,+15.0,C*3C
$IIMWV,012,R,02.2,N,A*10
$IIMWV,012,T,02.3,N,A*17
